<?xml version="1.0" encoding="UTF-8"?>
<robot generator="Robot 7.3.2 (Python 3.13.9 on win32)" generated="2025-11-20T18:25:46.156319" rpa="false" schemaversion="5">
<suite id="s1" name="Robot Framework Segunda Versao" source="C:\Users\Leidiana\Desktop\academy-blacklist\robot_framework_segunda_versao">
<suite id="s1-s1" name="Tests" source="C:\Users\Leidiana\Desktop\academy-blacklist\robot_framework_segunda_versao\tests">
<suite id="s1-s1-s1" name="Company" source="C:\Users\Leidiana\Desktop\academy-blacklist\robot_framework_segunda_versao\tests\company">
<suite id="s1-s1-s1-s1" name="Company" source="C:\Users\Leidiana\Desktop\academy-blacklist\robot_framework_segunda_versao\tests\company\company.robot">
<test id="s1-s1-s1-s1-t1" name="Cadastrar empresa com sucesso" line="8">
<kw name="Cadastrar nova empresa" owner="company">
<kw name="Gerar Empresa" owner="company">
<kw name="Gerar nome da empresa" owner="generate_random_data">
<kw name="Random Element" owner="FakerLibrary">
<msg time="2025-11-20T18:25:46.809022" level="INFO">${s_COMPANY_NAME} = InfinityTechx</msg>
<var>${s_COMPANY_NAME}</var>
<arg>elements=('BlueWavex','NextSpherex','QuantumTechx','Innovarex','AlphaSolutionsx','SmartEdgex','GlobalLinkx','VisionaryLabsx','DataCorex','SkylineTechx','FutureWavex','CloudNetx','EcoTechx','BrightPathx','StrongBridgex','UltraCorex','NovaSolutionsx','SkyLineSystemsx','MaxInnovationsx','GreenEdgex','OmniTechx','FastTrackx','PrimeSolutionsx','HyperLinkx','CoreVisionx','SafeSolutionsx','FusionEdgex','TrustSolutionsx','AgroTechx','UrbanEdgex','SmartPathx','InfoCorex','QuickSolutionsx','ProTechx','NextErax','GlobalVisionx','TechInnovatorsx','DataWorksx','BrightEdgex','EliteTechx','ModernSystemsx','SolidSolutionsx','InfinityTechx','AeroVisionx','PowerEdgex','VisionCorex','ConnectSolutions')</arg>
<doc>Generate a randomly sampled object from ``elements``.</doc>
<status status="PASS" start="2025-11-20T18:25:46.808501" elapsed="0.000679"/>
</kw>
<return>
<value>${s_COMPANY_NAME}</value>
<status status="PASS" start="2025-11-20T18:25:46.809311" elapsed="0.000110"/>
</return>
<msg time="2025-11-20T18:25:46.809569" level="INFO">${corporateName} = InfinityTechx</msg>
<var>${corporateName}</var>
<doc>Gera o nome de uma empresa</doc>
<status status="PASS" start="2025-11-20T18:25:46.807597" elapsed="0.002080"/>
</kw>
<kw name="Gera cnpj da empresa" owner="generate_random_data">
<kw name="Generate Random String" owner="String">
<msg time="2025-11-20T18:25:46.810684" level="INFO">${randomString} = 52225547624098</msg>
<var>${randomString}</var>
<arg>14</arg>
<arg>[NUMBERS]</arg>
<doc>Generates a string with a desired ``length`` from the given ``chars``.</doc>
<status status="PASS" start="2025-11-20T18:25:46.810268" elapsed="0.000785"/>
</kw>
<kw name="Set Variable" owner="BuiltIn">
<msg time="2025-11-20T18:25:46.811515" level="INFO">${matriz} = 52225547624098</msg>
<var>${matriz}</var>
<arg>${randomString}</arg>
<doc>Returns the given values which can then be assigned to a variables.</doc>
<status status="PASS" start="2025-11-20T18:25:46.811226" elapsed="0.000402"/>
</kw>
<return>
<value>${matriz}</value>
<status status="PASS" start="2025-11-20T18:25:46.811736" elapsed="0.000118"/>
</return>
<msg time="2025-11-20T18:25:46.812015" level="INFO">${registerCompany} = 52225547624098</msg>
<var>${registerCompany}</var>
<doc>Gera um cnpj valido</doc>
<status status="PASS" start="2025-11-20T18:25:46.809918" elapsed="0.002586"/>
</kw>
<kw name="Set Variable" owner="BuiltIn">
<msg time="2025-11-20T18:25:46.813526" level="INFO">${mail} = infinitytechx@qacoders.com</msg>
<var>${mail}</var>
<arg>${corporateName.lower()}@qacoders.com</arg>
<doc>Returns the given values which can then be assigned to a variables.</doc>
<status status="PASS" start="2025-11-20T18:25:46.812793" elapsed="0.001072"/>
</kw>
<kw name="Gerar primeiro nome nao composto" owner="generate_random_data">
<kw name="First Name" owner="FakerLibrary">
<msg time="2025-11-20T18:25:46.814942" level="INFO">${nome_completo} = Manuella</msg>
<var>${nome_completo}</var>
<status status="PASS" start="2025-11-20T18:25:46.814618" elapsed="0.000460"/>
</kw>
<kw name="Split String" owner="String">
<msg time="2025-11-20T18:25:46.815493" level="INFO">${nome_simples} = ['Manuella']</msg>
<var>${nome_simples}</var>
<arg>${nome_completo}</arg>
<arg>${SPACE}</arg>
<doc>Splits the ``string`` using ``separator`` as a delimiter string.</doc>
<status status="PASS" start="2025-11-20T18:25:46.815220" elapsed="0.000364"/>
</kw>
<kw name="Set Variable" owner="BuiltIn">
<msg time="2025-11-20T18:25:46.816218" level="INFO">${primeiro_nome} = Manuella</msg>
<var>${primeiro_nome}</var>
<arg>${nome_simples[0]}</arg>
<doc>Returns the given values which can then be assigned to a variables.</doc>
<status status="PASS" start="2025-11-20T18:25:46.815713" elapsed="0.000595"/>
</kw>
<return>
<value>${primeiro_nome}</value>
<status status="PASS" start="2025-11-20T18:25:46.816420" elapsed="0.000464"/>
</return>
<msg time="2025-11-20T18:25:46.817050" level="INFO">${firstName} = Manuella</msg>
<var>${firstName}</var>
<doc>Gera primeiro nome nao composto</doc>
<status status="PASS" start="2025-11-20T18:25:46.814167" elapsed="0.003026"/>
</kw>
<kw name="Gerar ultimo nome nao composto" owner="generate_random_data">
<kw name="Last Name" owner="FakerLibrary">
<msg time="2025-11-20T18:25:46.818295" level="INFO">${nome_completo} = Pereira</msg>
<var>${nome_completo}</var>
<status status="PASS" start="2025-11-20T18:25:46.817766" elapsed="0.000684"/>
</kw>
<kw name="Split String" owner="String">
<msg time="2025-11-20T18:25:46.818954" level="INFO">${nome_simples} = ['Pereira']</msg>
<var>${nome_simples}</var>
<arg>${nome_completo}</arg>
<arg>${SPACE}</arg>
<doc>Splits the ``string`` using ``separator`` as a delimiter string.</doc>
<status status="PASS" start="2025-11-20T18:25:46.818618" elapsed="0.000471"/>
</kw>
<kw name="Set Variable" owner="BuiltIn">
<msg time="2025-11-20T18:25:46.819773" level="INFO">${ultimo_nome} = Pereira</msg>
<var>${ultimo_nome}</var>
<arg>${nome_simples[0]}</arg>
<doc>Returns the given values which can then be assigned to a variables.</doc>
<status status="PASS" start="2025-11-20T18:25:46.819265" elapsed="0.000628"/>
</kw>
<kw name="Set Variable" owner="BuiltIn">
<msg time="2025-11-20T18:25:46.820678" level="INFO">${ultimo_nome_upper} = Pereira</msg>
<var>${ultimo_nome_upper}</var>
<arg>${ultimo_nome[0].upper()}${ultimo_nome[1:]}</arg>
<doc>Returns the given values which can then be assigned to a variables.</doc>
<status status="PASS" start="2025-11-20T18:25:46.820039" elapsed="0.000732"/>
</kw>
<return>
<value>${ultimo_nome_upper}</value>
<status status="PASS" start="2025-11-20T18:25:46.820863" elapsed="0.000085"/>
</return>
<msg time="2025-11-20T18:25:46.821064" level="INFO">${lastName} = Pereira</msg>
<var>${lastName}</var>
<doc>Gera ultimo nome nao composto</doc>
<status status="PASS" start="2025-11-20T18:25:46.817425" elapsed="0.003720"/>
</kw>
<kw name="Set Variable" owner="BuiltIn">
<msg time="2025-11-20T18:25:46.821491" level="INFO">${responsibleContact} = Manuella Pereira</msg>
<var>${responsibleContact}</var>
<arg>${firstName} ${lastName}</arg>
<doc>Returns the given values which can then be assigned to a variables.</doc>
<status status="PASS" start="2025-11-20T18:25:46.821271" elapsed="0.000300"/>
</kw>
<kw name="Generate Random String" owner="String">
<msg time="2025-11-20T18:25:46.821956" level="INFO">${telephone} = 13786668956</msg>
<var>${telephone}</var>
<arg>11</arg>
<arg>[NUMBERS]</arg>
<doc>Generates a string with a desired ``length`` from the given ``chars``.</doc>
<status status="PASS" start="2025-11-20T18:25:46.821699" elapsed="0.000337"/>
</kw>
<kw name="Sentence" owner="FakerLibrary">
<msg time="2025-11-20T18:25:46.822407" level="INFO">${serviceDescription} = Laborum eaque voluptatem quas dignissimos.</msg>
<var>${serviceDescription}</var>
<arg>6</arg>
<doc>Generate a sentence.</doc>
<status status="PASS" start="2025-11-20T18:25:46.822159" elapsed="0.000327"/>
</kw>
<kw name="Gerar cep sem caracteres especiais" owner="generate_random_data">
<kw name="Postcode" owner="FakerLibrary">
<msg time="2025-11-20T18:25:46.823666" level="INFO">${zipCode} = 58614-147</msg>
<var>${zipCode}</var>
<doc>Randomly returns a postcode.
:param formatted: True to allow formatted postcodes, else False (default True)
:example formatted: '41224-212' '83992-291' '12324322'
:example raw: '43920231' '34239530'</doc>
<status status="PASS" start="2025-11-20T18:25:46.823423" elapsed="0.000351"/>
</kw>
<kw name="Evaluate" owner="BuiltIn">
<msg time="2025-11-20T18:25:46.824245" level="INFO">${zipCode_clean} = 58614147</msg>
<var>${zipCode_clean}</var>
<arg>''.join(c for c in '${zipCode}' if c.isdigit())</arg>
<doc>Evaluates the given expression in Python and returns the result.</doc>
<status status="PASS" start="2025-11-20T18:25:46.823914" elapsed="0.000451"/>
</kw>
<return>
<value>${zipCode_clean}</value>
<status status="PASS" start="2025-11-20T18:25:46.824479" elapsed="0.000211"/>
</return>
<msg time="2025-11-20T18:25:46.824837" level="INFO">${zipCode} = 58614147</msg>
<var>${zipCode}</var>
<doc>Gera um cep sem caracteres especiais</doc>
<status status="PASS" start="2025-11-20T18:25:46.822643" elapsed="0.002308"/>
</kw>
<kw name="City" owner="FakerLibrary">
<msg time="2025-11-20T18:25:46.825427" level="INFO">${city} = Oliveira Grande</msg>
<var>${city}</var>
<doc>:example: 'Sashabury'</doc>
<status status="PASS" start="2025-11-20T18:25:46.825115" elapsed="0.000971"/>
</kw>
<kw name="Gerar sigla do estado" owner="generate_random_data">
<kw name="Random Element" owner="FakerLibrary">
<msg time="2025-11-20T18:25:46.827274" level="INFO">${s_COMPANY_NAME} = MA</msg>
<var>${s_COMPANY_NAME}</var>
<arg>elements=('AC','AL','AP','AM','BA','CE','DF','ES','GO','MA','MT','MS','MG','PA','PB','PR','PE','PI','RJ','RN','RS','RO','RR','SC','SP','SE','TO')</arg>
<doc>Generate a randomly sampled object from ``elements``.</doc>
<status status="PASS" start="2025-11-20T18:25:46.826793" elapsed="0.000624"/>
</kw>
<return>
<value>${s_COMPANY_NAME}</value>
<status status="PASS" start="2025-11-20T18:25:46.827523" elapsed="0.000085"/>
</return>
<msg time="2025-11-20T18:25:46.827729" level="INFO">${state} = MA</msg>
<var>${state}</var>
<doc>Gera a sigla de um estado brasileiro</doc>
<status status="PASS" start="2025-11-20T18:25:46.826380" elapsed="0.001440"/>
</kw>
<kw name="Street Name" owner="FakerLibrary">
<msg time="2025-11-20T18:25:46.828159" level="INFO">${district} = Condomínio Moraes</msg>
<var>${district}</var>
<doc>:example: 'Crist Parks'</doc>
<status status="PASS" start="2025-11-20T18:25:46.827946" elapsed="0.000299"/>
</kw>
<kw name="Gerar logradouro sem caracteres especiais" owner="generate_random_data">
<kw name="Street Address" owner="FakerLibrary">
<msg time="2025-11-20T18:25:46.828823" level="INFO">${street} = Aeroporto Anthony Gabriel Guerra, 93</msg>
<var>${street}</var>
<doc>:example: '791 Crist Parks'</doc>
<status status="PASS" start="2025-11-20T18:25:46.828622" elapsed="0.000280"/>
</kw>
<kw name="Evaluate" owner="BuiltIn">
<msg time="2025-11-20T18:25:46.829340" level="INFO">${street_clean} = Aeroporto Anthony Gabriel Guerra 93</msg>
<var>${street_clean}</var>
<arg>''.join(c for c in '${street}' if c.isalnum() or c==' ')</arg>
<doc>Evaluates the given expression in Python and returns the result.</doc>
<status status="PASS" start="2025-11-20T18:25:46.829020" elapsed="0.000401"/>
</kw>
<return>
<value>${street_clean}</value>
<status status="PASS" start="2025-11-20T18:25:46.829499" elapsed="0.000075"/>
</return>
<msg time="2025-11-20T18:25:46.829679" level="INFO">${street} = Aeroporto Anthony Gabriel Guerra 93</msg>
<var>${street}</var>
<doc>Gera um logradouro sem caracteres especiais</doc>
<status status="PASS" start="2025-11-20T18:25:46.828400" elapsed="0.001353"/>
</kw>
<kw name="Building Number" owner="FakerLibrary">
<msg time="2025-11-20T18:25:46.830060" level="INFO">${number} = 299</msg>
<var>${number}</var>
<doc>:example: '791'</doc>
<status status="PASS" start="2025-11-20T18:25:46.829876" elapsed="0.000261"/>
</kw>
<kw name="Generate Random String" owner="String">
<msg time="2025-11-20T18:25:46.830479" level="INFO">${complement} = wYyxW</msg>
<var>${complement}</var>
<arg>5</arg>
<arg>[LETTERS]</arg>
<doc>Generates a string with a desired ``length`` from the given ``chars``.</doc>
<status status="PASS" start="2025-11-20T18:25:46.830256" elapsed="0.000299"/>
</kw>
<kw name="Set Suite Variable" owner="BuiltIn">
<msg time="2025-11-20T18:25:46.831309" level="INFO">${COMPANY_NAME} = InfinityTechx</msg>
<arg>${COMPANY_NAME}</arg>
<arg>${corporateName}</arg>
<doc>Makes a variable available everywhere within the scope of the current suite.</doc>
<status status="PASS" start="2025-11-20T18:25:46.830686" elapsed="0.000728"/>
</kw>
<kw name="Set Suite Variable" owner="BuiltIn">
<msg time="2025-11-20T18:25:46.831785" level="INFO">${REGISTER_COMPANY} = 52225547624098</msg>
<arg>${REGISTER_COMPANY}</arg>
<arg>${registerCompany}</arg>
<doc>Makes a variable available everywhere within the scope of the current suite.</doc>
<status status="PASS" start="2025-11-20T18:25:46.831550" elapsed="0.000330"/>
</kw>
<kw name="Set Suite Variable" owner="BuiltIn">
<msg time="2025-11-20T18:25:46.832270" level="INFO">${MAIL} = infinitytechx@qacoders.com</msg>
<arg>${MAIL}</arg>
<arg>${mail}</arg>
<doc>Makes a variable available everywhere within the scope of the current suite.</doc>
<status status="PASS" start="2025-11-20T18:25:46.832007" elapsed="0.000379"/>
</kw>
<kw name="Set Suite Variable" owner="BuiltIn">
<msg time="2025-11-20T18:25:46.833261" level="INFO">${MATRIZ} = teste</msg>
<arg>${MATRIZ}</arg>
<arg>teste</arg>
<doc>Makes a variable available everywhere within the scope of the current suite.</doc>
<status status="PASS" start="2025-11-20T18:25:46.832555" elapsed="0.000843"/>
</kw>
<kw name="Set Suite Variable" owner="BuiltIn">
<msg time="2025-11-20T18:25:46.833810" level="INFO">${RESPONSIBLE_CONTACT} = Manuella Pereira</msg>
<arg>${RESPONSIBLE_CONTACT}</arg>
<arg>${responsibleContact}</arg>
<doc>Makes a variable available everywhere within the scope of the current suite.</doc>
<status status="PASS" start="2025-11-20T18:25:46.833558" elapsed="0.000361"/>
</kw>
<kw name="Set Suite Variable" owner="BuiltIn">
<msg time="2025-11-20T18:25:46.834296" level="INFO">${TELEPHONE} = 13786668956</msg>
<arg>${TELEPHONE}</arg>
<arg>${telephone}</arg>
<doc>Makes a variable available everywhere within the scope of the current suite.</doc>
<status status="PASS" start="2025-11-20T18:25:46.834072" elapsed="0.000316"/>
</kw>
<kw name="Set Suite Variable" owner="BuiltIn">
<msg time="2025-11-20T18:25:46.834736" level="INFO">${SERVICE_DESCRIPTION} = Laborum eaque voluptatem quas dignissimos.</msg>
<arg>${SERVICE_DESCRIPTION}</arg>
<arg>${serviceDescription}</arg>
<doc>Makes a variable available everywhere within the scope of the current suite.</doc>
<status status="PASS" start="2025-11-20T18:25:46.834518" elapsed="0.000310"/>
</kw>
<kw name="Set Suite Variable" owner="BuiltIn">
<msg time="2025-11-20T18:25:46.835147" level="INFO">${ZIPCODE} = 58614147</msg>
<arg>${ZIPCODE}</arg>
<arg>${zipCode}</arg>
<doc>Makes a variable available everywhere within the scope of the current suite.</doc>
<status status="PASS" start="2025-11-20T18:25:46.834952" elapsed="0.000281"/>
</kw>
<kw name="Set Suite Variable" owner="BuiltIn">
<msg time="2025-11-20T18:25:46.835543" level="INFO">${CITY} = Oliveira Grande</msg>
<arg>${CITY}</arg>
<arg>${city}</arg>
<doc>Makes a variable available everywhere within the scope of the current suite.</doc>
<status status="PASS" start="2025-11-20T18:25:46.835353" elapsed="0.000274"/>
</kw>
<kw name="Set Suite Variable" owner="BuiltIn">
<msg time="2025-11-20T18:25:46.835924" level="INFO">${STATE} = MA</msg>
<arg>${STATE}</arg>
<arg>${state}</arg>
<doc>Makes a variable available everywhere within the scope of the current suite.</doc>
<status status="PASS" start="2025-11-20T18:25:46.835743" elapsed="0.000272"/>
</kw>
<kw name="Set Suite Variable" owner="BuiltIn">
<msg time="2025-11-20T18:25:46.836318" level="INFO">${DISTRICT} = Condomínio Moraes</msg>
<arg>${DISTRICT}</arg>
<arg>${district}</arg>
<doc>Makes a variable available everywhere within the scope of the current suite.</doc>
<status status="PASS" start="2025-11-20T18:25:46.836132" elapsed="0.000412"/>
</kw>
<kw name="Set Suite Variable" owner="BuiltIn">
<msg time="2025-11-20T18:25:46.836897" level="INFO">${STREET} = Aeroporto Anthony Gabriel Guerra 93</msg>
<arg>${STREET}</arg>
<arg>${street}</arg>
<doc>Makes a variable available everywhere within the scope of the current suite.</doc>
<status status="PASS" start="2025-11-20T18:25:46.836684" elapsed="0.000488"/>
</kw>
<kw name="Set Suite Variable" owner="BuiltIn">
<msg time="2025-11-20T18:25:46.837571" level="INFO">${NUMBER} = 299</msg>
<arg>${NUMBER}</arg>
<arg>${number}</arg>
<doc>Makes a variable available everywhere within the scope of the current suite.</doc>
<status status="PASS" start="2025-11-20T18:25:46.837319" elapsed="0.000387"/>
</kw>
<kw name="Set Suite Variable" owner="BuiltIn">
<msg time="2025-11-20T18:25:46.838082" level="INFO">${COMPLEMENT} = wYyxW</msg>
<arg>${COMPLEMENT}</arg>
<arg>${complement}</arg>
<doc>Makes a variable available everywhere within the scope of the current suite.</doc>
<status status="PASS" start="2025-11-20T18:25:46.837839" elapsed="0.000352"/>
</kw>
<kw name="Set Suite Variable" owner="BuiltIn">
<msg time="2025-11-20T18:25:46.839986" level="INFO">${COUNTRY} = Brasil</msg>
<arg>${COUNTRY}</arg>
<arg>Brasil</arg>
<doc>Makes a variable available everywhere within the scope of the current suite.</doc>
<status status="PASS" start="2025-11-20T18:25:46.838359" elapsed="0.001796"/>
</kw>
<status status="PASS" start="2025-11-20T18:25:46.807200" elapsed="0.033107"/>
</kw>
<kw name="Realizar login" owner="company">
<kw name="Create Dictionary" owner="BuiltIn">
<msg time="2025-11-20T18:25:46.841316" level="INFO">${body} = {'mail': 'sysadmin@qacoders.com', 'password': '1234@Test'}</msg>
<var>${body}</var>
<arg>mail=${USER_EMAIL}</arg>
<arg>password=${USER_PASSWORD}</arg>
<doc>Creates and returns a dictionary based on the given ``items``.</doc>
<status status="PASS" start="2025-11-20T18:25:46.840861" elapsed="0.000640"/>
</kw>
<kw name="Criar Sessao" owner="company">
<kw name="Create Dictionary" owner="BuiltIn">
<msg time="2025-11-20T18:25:46.842927" level="INFO">${headers} = {'accept': 'application/json', 'Content-Type': 'application/json'}</msg>
<var>${headers}</var>
<arg>accept=application/json</arg>
<arg>Content-Type=application/json</arg>
<doc>Creates and returns a dictionary based on the given ``items``.</doc>
<status status="PASS" start="2025-11-20T18:25:46.842375" elapsed="0.000849"/>
</kw>
<kw name="Create Session" owner="RequestsLibrary">
<msg time="2025-11-20T18:25:46.844234" level="INFO">Creating Session using : alias=develop, url=https://api-blacklist.qacoders.dev.br/api, headers={'accept': 'application/json', 'Content-Type': 'application/json'},                     cookies={}, auth=None, timeout=None, proxies=None, verify=False,                     debug=0 </msg>
<arg>alias=develop</arg>
<arg>url=${BASE_URL}</arg>
<arg>headers=${headers}</arg>
<doc>Create Session: create a HTTP session to a server</doc>
<status status="PASS" start="2025-11-20T18:25:46.843551" elapsed="0.001070"/>
</kw>
<status status="PASS" start="2025-11-20T18:25:46.841716" elapsed="0.003078"/>
</kw>
<kw name="POST On Session" owner="RequestsLibrary">
<msg time="2025-11-20T18:25:49.282561" level="INFO">POST Request : url=https://api-blacklist.qacoders.dev.br/api/login 
 path_url=/api/login 
 headers={'User-Agent': 'python-requests/2.32.5', 'Accept-Encoding': 'gzip, deflate', 'accept': 'application/json', 'Connection': 'keep-alive', 'Content-Type': 'application/json', 'Content-Length': '58'} 
 body=b'{"mail": "sysadmin@qacoders.com", "password": "1234@Test"}' 
 </msg>
<msg time="2025-11-20T18:25:49.282910" level="INFO">POST Response : url=https://api-blacklist.qacoders.dev.br/api/login 
 status=200, reason=OK 
 headers={'Access-Control-Allow-Origin': '*', 'Content-Length': '905', 'Content-Type': 'application/json; charset=utf-8', 'Date': 'Thu, 20 Nov 2025 21:25:31 GMT', 'Etag': 'W/"389-fNiDMMtyOqvnx1DsRSNzwhJ0ZVw"', 'X-Powered-By': 'Express'} 
 body={"msg":"Olá Qa-Coders-SYSADMIN, autenticação autorizada com sucesso!","user":{"_id":"68dbe7834bcba872791dd2b9","fullName":"Qa-Coders-SYSADMIN","mail":"sysadmin@qacoders.com","password":"$2b$10$762UPIn78rqH5b7pn7OJbOKqD3QRGPuCmPLxE0T3gcSXIDTJS7g9a","accessProfile":"SYSADMIN","cpf":"11111111111","status":true,"audit":[{"registeredBy":{"userId":"111111111111111111","userLogin":"sysadmin@qacoders.com"},"registrationDate":"terça-feira, 30/09/2025, 11:21:54 BRT","registrationNumber":"01","companyId":"Qa.Coders","_id":"68dbe7834bcba872791dd2ba"}],"__v":0},"token":"eyJhbGciOiJIUzI1NiIsInR5cCI6IkpXVCJ9.eyJfaWQiOiI2OGRiZTc4MzRiY2JhODcyNzkxZGQyYjkiLCJ1c2VySWQiOiI2OGRiZTc4MzRiY2JhODcyNzkxZGQyYjkiLCJuYW1lIjoiUWEtQ29kZXJzLVNZU0FETUlOIiwibWFpbCI6InN5c2FkbWluQHFhY29kZXJzLmNvbSIsImFjY2Vzc1Byb2ZpbGUiOiJTWVNBRE1JTiIsImlhdCI6MTc2MzY3MzkzMSwiZXhwIjoxNzYzNzYwMzMxfQ.tsnC7etQgvEo7uR_s8xGCJsJcCQ6aQiAspfxO8tQXZc"} 
 </msg>
<msg time="2025-11-20T18:25:49.283146" level="INFO">${bodyResponse} = &lt;Response [200]&gt;</msg>
<var>${bodyResponse}</var>
<arg>alias=develop</arg>
<arg>url=/login</arg>
<arg>json=${body}</arg>
<arg>verify=${True}</arg>
<doc>Sends a POST request on a previously created HTTP Session.</doc>
<status status="PASS" start="2025-11-20T18:25:46.844986" elapsed="2.438256"/>
</kw>
<kw name="Log" owner="BuiltIn">
<msg time="2025-11-20T18:25:49.284261" level="INFO">{'msg': 'Olá Qa-Coders-SYSADMIN, autenticação autorizada com sucesso!', 'user': {'_id': '68dbe7834bcba872791dd2b9', 'fullName': 'Qa-Coders-SYSADMIN', 'mail': 'sysadmin@qacoders.com', 'password': '$2b$10$762UPIn78rqH5b7pn7OJbOKqD3QRGPuCmPLxE0T3gcSXIDTJS7g9a', 'accessProfile': 'SYSADMIN', 'cpf': '11111111111', 'status': True, 'audit': [{'registeredBy': {'userId': '111111111111111111', 'userLogin': 'sysadmin@qacoders.com'}, 'registrationDate': 'terça-feira, 30/09/2025, 11:21:54 BRT', 'registrationNumber': '01', 'companyId': 'Qa.Coders', '_id': '68dbe7834bcba872791dd2ba'}], '__v': 0}, 'token': 'eyJhbGciOiJIUzI1NiIsInR5cCI6IkpXVCJ9.eyJfaWQiOiI2OGRiZTc4MzRiY2JhODcyNzkxZGQyYjkiLCJ1c2VySWQiOiI2OGRiZTc4MzRiY2JhODcyNzkxZGQyYjkiLCJuYW1lIjoiUWEtQ29kZXJzLVNZU0FETUlOIiwibWFpbCI6InN5c2FkbWluQHFhY29kZXJzLmNvbSIsImFjY2Vzc1Byb2ZpbGUiOiJTWVNBRE1JTiIsImlhdCI6MTc2MzY3MzkzMSwiZXhwIjoxNzYzNzYwMzMxfQ.tsnC7etQgvEo7uR_s8xGCJsJcCQ6aQiAspfxO8tQXZc'}</msg>
<arg>${bodyResponse.json()}</arg>
<doc>Logs the given message with the given level.</doc>
<status status="PASS" start="2025-11-20T18:25:49.283507" elapsed="0.000938"/>
</kw>
<kw name="Log" owner="BuiltIn">
<msg time="2025-11-20T18:25:49.285194" level="INFO">eyJhbGciOiJIUzI1NiIsInR5cCI6IkpXVCJ9.eyJfaWQiOiI2OGRiZTc4MzRiY2JhODcyNzkxZGQyYjkiLCJ1c2VySWQiOiI2OGRiZTc4MzRiY2JhODcyNzkxZGQyYjkiLCJuYW1lIjoiUWEtQ29kZXJzLVNZU0FETUlOIiwibWFpbCI6InN5c2FkbWluQHFhY29kZXJzLmNvbSIsImFjY2Vzc1Byb2ZpbGUiOiJTWVNBRE1JTiIsImlhdCI6MTc2MzY3MzkzMSwiZXhwIjoxNzYzNzYwMzMxfQ.tsnC7etQgvEo7uR_s8xGCJsJcCQ6aQiAspfxO8tQXZc</msg>
<arg>${bodyResponse.json()['token']}</arg>
<doc>Logs the given message with the given level.</doc>
<status status="PASS" start="2025-11-20T18:25:49.284656" elapsed="0.000683"/>
</kw>
<kw name="Status Should Be" owner="RequestsLibrary">
<arg>200</arg>
<arg>${bodyResponse}</arg>
<doc>Fails if response status code is different than the expected.</doc>
<status status="PASS" start="2025-11-20T18:25:49.285512" elapsed="0.000327"/>
</kw>
<return>
<value>${bodyResponse.json()['token']}</value>
<status status="PASS" start="2025-11-20T18:25:49.285958" elapsed="0.000310"/>
</return>
<msg time="2025-11-20T18:25:49.287508" level="INFO">${TOKEN} = eyJhbGciOiJIUzI1NiIsInR5cCI6IkpXVCJ9.eyJfaWQiOiI2OGRiZTc4MzRiY2JhODcyNzkxZGQyYjkiLCJ1c2VySWQiOiI2OGRiZTc4MzRiY2JhODcyNzkxZGQyYjkiLCJuYW1lIjoiUWEtQ29kZXJzLVNZU0FETUlOIiwibWFpbCI6InN5c2FkbWluQHFhY29kZXJ...</msg>
<var>${TOKEN}</var>
<status status="PASS" start="2025-11-20T18:25:46.840522" elapsed="2.447465"/>
</kw>
<kw name="Create Dictionary" owner="BuiltIn">
<msg time="2025-11-20T18:25:49.290405" level="INFO">${body} = {'corporateName': 'InfinityTechx', 'registerCompany': '52225547624098', 'mail': 'infinitytechx@qacoders.com', 'matriz': 'teste', 'responsibleContact': 'Manuella Pereira', 'telephone': '13786668956', '...</msg>
<var>${body}</var>
<arg>corporateName=${COMPANY_NAME}</arg>
<arg>registerCompany=${REGISTER_COMPANY}</arg>
<arg>mail=${MAIL}</arg>
<arg>matriz=${MATRIZ}</arg>
<arg>responsibleContact=${RESPONSIBLE_CONTACT}</arg>
<arg>telephone=${TELEPHONE}</arg>
<arg>serviceDescription=${SERVICE_DESCRIPTION}</arg>
<arg>address=${EMPTY}</arg>
<doc>Creates and returns a dictionary based on the given ``items``.</doc>
<status status="PASS" start="2025-11-20T18:25:49.288555" elapsed="0.002279"/>
</kw>
<kw name="Create Dictionary" owner="BuiltIn">
<msg time="2025-11-20T18:25:49.292146" level="INFO">${address_dict} = {'zipCode': '58614147', 'city': 'Oliveira Grande', 'state': 'MA', 'district': 'Condomínio Moraes', 'street': 'Aeroporto Anthony Gabriel Guerra 93', 'number': '299', 'complement': 'wYyxW', 'country': '...</msg>
<var>${address_dict}</var>
<arg>zipCode=${ZIPCODE}</arg>
<arg>city=${CITY}</arg>
<arg>state=${STATE}</arg>
<arg>district=${DISTRICT}</arg>
<arg>street=${STREET}</arg>
<arg>number=${NUMBER}</arg>
<arg>complement=${COMPLEMENT}</arg>
<arg>country=${COUNTRY}</arg>
<doc>Creates and returns a dictionary based on the given ``items``.</doc>
<status status="PASS" start="2025-11-20T18:25:49.291198" elapsed="0.001344"/>
</kw>
<kw name="Create List" owner="BuiltIn">
<msg time="2025-11-20T18:25:49.293243" level="INFO">${final_ddress_list} = [{'zipCode': '58614147', 'city': 'Oliveira Grande', 'state': 'MA', 'district': 'Condomínio Moraes', 'street': 'Aeroporto Anthony Gabriel Guerra 93', 'number': '299', 'complement': 'wYyxW', 'country': ...</msg>
<var>${final_ddress_list}</var>
<arg>${address_dict}</arg>
<doc>Returns a list containing given items.</doc>
<status status="PASS" start="2025-11-20T18:25:49.292832" elapsed="0.000616"/>
</kw>
<kw name="Set To Dictionary" owner="Collections">
<arg>${body}</arg>
<arg>address=${final_ddress_list}</arg>
<doc>Adds the given ``key_value_pairs`` and/or ``items`` to the ``dictionary``.</doc>
<status status="PASS" start="2025-11-20T18:25:49.293692" elapsed="0.000397"/>
</kw>
<kw name="POST On Session" owner="RequestsLibrary">
<msg time="2025-11-20T18:25:49.456471" level="INFO">POST Request : url=https://api-blacklist.qacoders.dev.br/api/company?token=eyJhbGciOiJIUzI1NiIsInR5cCI6IkpXVCJ9.eyJfaWQiOiI2OGRiZTc4MzRiY2JhODcyNzkxZGQyYjkiLCJ1c2VySWQiOiI2OGRiZTc4MzRiY2JhODcyNzkxZGQyYjkiLCJuYW1lIjoiUWEtQ29kZXJzLVNZU0FETUlOIiwibWFpbCI6InN5c2FkbWluQHFhY29kZXJzLmNvbSIsImFjY2Vzc1Byb2ZpbGUiOiJTWVNBRE1JTiIsImlhdCI6MTc2MzY3MzkzMSwiZXhwIjoxNzYzNzYwMzMxfQ.tsnC7etQgvEo7uR_s8xGCJsJcCQ6aQiAspfxO8tQXZc 
 path_url=/api/company?token=eyJhbGciOiJIUzI1NiIsInR5cCI6IkpXVCJ9.eyJfaWQiOiI2OGRiZTc4MzRiY2JhODcyNzkxZGQyYjkiLCJ1c2VySWQiOiI2OGRiZTc4MzRiY2JhODcyNzkxZGQyYjkiLCJuYW1lIjoiUWEtQ29kZXJzLVNZU0FETUlOIiwibWFpbCI6InN5c2FkbWluQHFhY29kZXJzLmNvbSIsImFjY2Vzc1Byb2ZpbGUiOiJTWVNBRE1JTiIsImlhdCI6MTc2MzY3MzkzMSwiZXhwIjoxNzYzNzYwMzMxfQ.tsnC7etQgvEo7uR_s8xGCJsJcCQ6aQiAspfxO8tQXZc 
 headers={'User-Agent': 'python-requests/2.32.5', 'Accept-Encoding': 'gzip, deflate', 'accept': 'application/json', 'Connection': 'keep-alive', 'Content-Type': 'application/json', 'Content-Length': '494'} 
 body=b'{"corporateName": "InfinityTechx", "registerCompany": "52225547624098", "mail": "infinitytechx@qacoders.com", "matriz": "teste", "responsibleContact": "Manuella Pereira", "telephone": "13786668956", "serviceDescription": "Laborum eaque voluptatem quas dignissimos.", "address": [{"zipCode": "58614147", "city": "Oliveira Grande", "state": "MA", "district": "Condom\\u00ednio Moraes", "street": "Aeroporto Anthony Gabriel Guerra 93", "number": "299", "complement": "wYyxW", "country": "Brasil"}]}' 
 </msg>
<msg time="2025-11-20T18:25:49.457374" level="INFO">POST Response : url=https://api-blacklist.qacoders.dev.br/api/company?token=eyJhbGciOiJIUzI1NiIsInR5cCI6IkpXVCJ9.eyJfaWQiOiI2OGRiZTc4MzRiY2JhODcyNzkxZGQyYjkiLCJ1c2VySWQiOiI2OGRiZTc4MzRiY2JhODcyNzkxZGQyYjkiLCJuYW1lIjoiUWEtQ29kZXJzLVNZU0FETUlOIiwibWFpbCI6InN5c2FkbWluQHFhY29kZXJzLmNvbSIsImFjY2Vzc1Byb2ZpbGUiOiJTWVNBRE1JTiIsImlhdCI6MTc2MzY3MzkzMSwiZXhwIjoxNzYzNzYwMzMxfQ.tsnC7etQgvEo7uR_s8xGCJsJcCQ6aQiAspfxO8tQXZc 
 status=400, reason=Bad Request 
 headers={'Access-Control-Allow-Origin': '*', 'Content-Length': '63', 'Content-Type': 'application/json; charset=utf-8', 'Date': 'Thu, 20 Nov 2025 21:25:31 GMT', 'Etag': 'W/"3f-0qnBcCA1FFNTPwkuMUaIdbp8Fcg"', 'X-Powered-By': 'Express'} 
 body={"alert":["O Nome da Empresa informado já está cadastrado."]} 
 </msg>
<msg time="2025-11-20T18:25:49.457679" level="FAIL">HTTPError: 400 Client Error: Bad Request for url: https://api-blacklist.qacoders.dev.br/api/company?token=eyJhbGciOiJIUzI1NiIsInR5cCI6IkpXVCJ9.eyJfaWQiOiI2OGRiZTc4MzRiY2JhODcyNzkxZGQyYjkiLCJ1c2VySWQiOiI2OGRiZTc4MzRiY2JhODcyNzkxZGQyYjkiLCJuYW1lIjoiUWEtQ29kZXJzLVNZU0FETUlOIiwibWFpbCI6InN5c2FkbWluQHFhY29kZXJzLmNvbSIsImFjY2Vzc1Byb2ZpbGUiOiJTWVNBRE1JTiIsImlhdCI6MTc2MzY3MzkzMSwiZXhwIjoxNzYzNzYwMzMxfQ.tsnC7etQgvEo7uR_s8xGCJsJcCQ6aQiAspfxO8tQXZc</msg>
<var>${response}</var>
<arg>alias=develop</arg>
<arg>url=/company?token=${TOKEN}</arg>
<arg>json=${body}</arg>
<arg>verify=${True}</arg>
<doc>Sends a POST request on a previously created HTTP Session.</doc>
<status status="FAIL" start="2025-11-20T18:25:49.294287" elapsed="0.175607">HTTPError: 400 Client Error: Bad Request for url: https://api-blacklist.qacoders.dev.br/api/company?token=eyJhbGciOiJIUzI1NiIsInR5cCI6IkpXVCJ9.eyJfaWQiOiI2OGRiZTc4MzRiY2JhODcyNzkxZGQyYjkiLCJ1c2VySWQiOiI2OGRiZTc4MzRiY2JhODcyNzkxZGQyYjkiLCJuYW1lIjoiUWEtQ29kZXJzLVNZU0FETUlOIiwibWFpbCI6InN5c2FkbWluQHFhY29kZXJzLmNvbSIsImFjY2Vzc1Byb2ZpbGUiOiJTWVNBRE1JTiIsImlhdCI6MTc2MzY3MzkzMSwiZXhwIjoxNzYzNzYwMzMxfQ.tsnC7etQgvEo7uR_s8xGCJsJcCQ6aQiAspfxO8tQXZc</status>
</kw>
<kw name="Status Should Be" owner="RequestsLibrary">
<arg>201</arg>
<arg>${response}</arg>
<doc>Fails if response status code is different than the expected.</doc>
<status status="NOT RUN" start="2025-11-20T18:25:49.470132" elapsed="0.000129"/>
</kw>
<kw name="Log" owner="BuiltIn">
<arg>${response.json()}</arg>
<doc>Logs the given message with the given level.</doc>
<status status="NOT RUN" start="2025-11-20T18:25:49.470390" elapsed="0.000084"/>
</kw>
<kw name="Set Suite Variable" owner="BuiltIn">
<arg>${COMPANY_ID}</arg>
<arg>${response.json()['newCompany']['_id']}</arg>
<doc>Makes a variable available everywhere within the scope of the current suite.</doc>
<status status="NOT RUN" start="2025-11-20T18:25:49.470590" elapsed="0.000090"/>
</kw>
<status status="FAIL" start="2025-11-20T18:25:46.806597" elapsed="2.664223">HTTPError: 400 Client Error: Bad Request for url: https://api-blacklist.qacoders.dev.br/api/company?token=eyJhbGciOiJIUzI1NiIsInR5cCI6IkpXVCJ9.eyJfaWQiOiI2OGRiZTc4MzRiY2JhODcyNzkxZGQyYjkiLCJ1c2VySWQiOiI2OGRiZTc4MzRiY2JhODcyNzkxZGQyYjkiLCJuYW1lIjoiUWEtQ29kZXJzLVNZU0FETUlOIiwibWFpbCI6InN5c2FkbWluQHFhY29kZXJzLmNvbSIsImFjY2Vzc1Byb2ZpbGUiOiJTWVNBRE1JTiIsImlhdCI6MTc2MzY3MzkzMSwiZXhwIjoxNzYzNzYwMzMxfQ.tsnC7etQgvEo7uR_s8xGCJsJcCQ6aQiAspfxO8tQXZc</status>
</kw>
<status status="FAIL" start="2025-11-20T18:25:46.802050" elapsed="2.669309">HTTPError: 400 Client Error: Bad Request for url: https://api-blacklist.qacoders.dev.br/api/company?token=eyJhbGciOiJIUzI1NiIsInR5cCI6IkpXVCJ9.eyJfaWQiOiI2OGRiZTc4MzRiY2JhODcyNzkxZGQyYjkiLCJ1c2VySWQiOiI2OGRiZTc4MzRiY2JhODcyNzkxZGQyYjkiLCJuYW1lIjoiUWEtQ29kZXJzLVNZU0FETUlOIiwibWFpbCI6InN5c2FkbWluQHFhY29kZXJzLmNvbSIsImFjY2Vzc1Byb2ZpbGUiOiJTWVNBRE1JTiIsImlhdCI6MTc2MzY3MzkzMSwiZXhwIjoxNzYzNzYwMzMxfQ.tsnC7etQgvEo7uR_s8xGCJsJcCQ6aQiAspfxO8tQXZc</status>
</test>
<doc>Keywords utilizadas na rota /company</doc>
<status status="FAIL" start="2025-11-20T18:25:46.233026" elapsed="3.249831"/>
</suite>
<status status="FAIL" start="2025-11-20T18:25:46.225209" elapsed="3.263414"/>
</suite>
<status status="FAIL" start="2025-11-20T18:25:46.217482" elapsed="3.274640"/>
</suite>
<status status="FAIL" start="2025-11-20T18:25:46.162756" elapsed="3.332301"/>
</suite>
<statistics>
<total>
<stat pass="0" fail="1" skip="0">All Tests</stat>
</total>
<tag>
</tag>
<suite>
<stat name="Robot Framework Segunda Versao" id="s1" pass="0" fail="1" skip="0">Robot Framework Segunda Versao</stat>
<stat name="Tests" id="s1-s1" pass="0" fail="1" skip="0">Robot Framework Segunda Versao.Tests</stat>
<stat name="Company" id="s1-s1-s1" pass="0" fail="1" skip="0">Robot Framework Segunda Versao.Tests.Company</stat>
<stat name="Company" id="s1-s1-s1-s1" pass="0" fail="1" skip="0">Robot Framework Segunda Versao.Tests.Company.Company</stat>
</suite>
</statistics>
<errors>
</errors>
</robot>
