<?xml version="1.0" encoding="UTF-8"?>
<robot generator="Robot 7.3.2 (Python 3.13.9 on win32)" generated="2025-11-22T09:19:33.815908" rpa="false" schemaversion="5">
<suite id="s1" name="Company" source="C:\Users\Leidiana\Desktop\academy-blacklist\robot_framework_segunda_versao\tests\company\company.robot">
<test id="s1-t1" name="Cadastrar empresa com sucesso" line="8">
<kw name="Cadastrar nova empresa" owner="company">
<kw name="Gerar Empresa" owner="company">
<kw name="Gerar nome da empresa" owner="generate_random_data">
<kw name="Random Element" owner="FakerLibrary">
<msg time="2025-11-22T09:19:34.724744" level="INFO">${s_COMPANY_NAME} = CloudNetx</msg>
<var>${s_COMPANY_NAME}</var>
<arg>elements=('BlueWavex','NextSpherex','QuantumTechx','Innovarex','AlphaSolutionsx','SmartEdgex','GlobalLinkx','VisionaryLabsx','DataCorex','SkylineTechx','FutureWavex','CloudNetx','EcoTechx','BrightPathx','StrongBridgex','UltraCorex','NovaSolutionsx','SkyLineSystemsx','MaxInnovationsx','GreenEdgex','OmniTechx','FastTrackx','PrimeSolutionsx','HyperLinkx','CoreVisionx','SafeSolutionsx','FusionEdgex','TrustSolutionsx','AgroTechx','UrbanEdgex','SmartPathx','InfoCorex','QuickSolutionsx','ProTechx','NextErax','GlobalVisionx','TechInnovatorsx','DataWorksx','BrightEdgex','EliteTechx','ModernSystemsx','SolidSolutionsx','InfinityTechx','AeroVisionx','PowerEdgex','VisionCorex','ConnectSolutions')</arg>
<doc>Generate a randomly sampled object from ``elements``.</doc>
<status status="PASS" start="2025-11-22T09:19:34.723986" elapsed="0.000798"/>
</kw>
<return>
<value>${s_COMPANY_NAME}</value>
<status status="PASS" start="2025-11-22T09:19:34.725086" elapsed="0.000060"/>
</return>
<msg time="2025-11-22T09:19:34.725310" level="INFO">${corporateName} = CloudNetx</msg>
<var>${corporateName}</var>
<doc>Gera o nome de uma empresa</doc>
<status status="PASS" start="2025-11-22T09:19:34.722952" elapsed="0.002382"/>
</kw>
<kw name="Generate Random String" owner="String">
<msg time="2025-11-22T09:19:34.725653" level="INFO">${unique} = bJWXe</msg>
<var>${unique}</var>
<arg>5</arg>
<arg>[LETTERS]</arg>
<doc>Generates a string with a desired ``length`` from the given ``chars``.</doc>
<status status="PASS" start="2025-11-22T09:19:34.725471" elapsed="0.000203"/>
</kw>
<kw name="Catenate" owner="BuiltIn">
<msg time="2025-11-22T09:19:34.725899" level="INFO">${corporateName} = CloudNetx_bJWXe</msg>
<var>${corporateName}</var>
<arg>SEPARATOR=</arg>
<arg>${corporateName}_${unique}</arg>
<doc>Catenates the given items together and returns the resulted string.</doc>
<status status="PASS" start="2025-11-22T09:19:34.725760" elapsed="0.000159"/>
</kw>
<kw name="Gera cnpj da empresa" owner="generate_random_data">
<kw name="Generate Random String" owner="String">
<msg time="2025-11-22T09:19:34.726323" level="INFO">${randomString} = 50991678090827</msg>
<var>${randomString}</var>
<arg>14</arg>
<arg>[NUMBERS]</arg>
<doc>Generates a string with a desired ``length`` from the given ``chars``.</doc>
<status status="PASS" start="2025-11-22T09:19:34.726177" elapsed="0.000167"/>
</kw>
<kw name="Set Variable" owner="BuiltIn">
<msg time="2025-11-22T09:19:34.726523" level="INFO">${matriz} = 50991678090827</msg>
<var>${matriz}</var>
<arg>${randomString}</arg>
<doc>Returns the given values which can then be assigned to a variables.</doc>
<status status="PASS" start="2025-11-22T09:19:34.726427" elapsed="0.000114"/>
</kw>
<return>
<value>${matriz}</value>
<status status="PASS" start="2025-11-22T09:19:34.726581" elapsed="0.000031"/>
</return>
<msg time="2025-11-22T09:19:34.726699" level="INFO">${registerCompany} = 50991678090827</msg>
<var>${registerCompany}</var>
<doc>Gera um cnpj valido</doc>
<status status="PASS" start="2025-11-22T09:19:34.726034" elapsed="0.000684"/>
</kw>
<kw name="Set Variable" owner="BuiltIn">
<msg time="2025-11-22T09:19:34.727375" level="INFO">${mail} = cloudnetx_bjwxe@qacoders.com</msg>
<var>${mail}</var>
<arg>${corporateName.lower()}@qacoders.com</arg>
<doc>Returns the given values which can then be assigned to a variables.</doc>
<status status="PASS" start="2025-11-22T09:19:34.726802" elapsed="0.000594"/>
</kw>
<kw name="Gerar primeiro nome nao composto" owner="generate_random_data">
<kw name="First Name" owner="FakerLibrary">
<msg time="2025-11-22T09:19:34.727759" level="INFO">${nome_completo} = Ana Julia</msg>
<var>${nome_completo}</var>
<status status="PASS" start="2025-11-22T09:19:34.727657" elapsed="0.000122"/>
</kw>
<kw name="Split String" owner="String">
<msg time="2025-11-22T09:19:34.727983" level="INFO">${nome_simples} = ['Ana', 'Julia']</msg>
<var>${nome_simples}</var>
<arg>${nome_completo}</arg>
<arg>${SPACE}</arg>
<doc>Splits the ``string`` using ``separator`` as a delimiter string.</doc>
<status status="PASS" start="2025-11-22T09:19:34.727855" elapsed="0.000148"/>
</kw>
<kw name="Set Variable" owner="BuiltIn">
<msg time="2025-11-22T09:19:34.728401" level="INFO">${primeiro_nome} = Ana</msg>
<var>${primeiro_nome}</var>
<arg>${nome_simples[0]}</arg>
<doc>Returns the given values which can then be assigned to a variables.</doc>
<status status="PASS" start="2025-11-22T09:19:34.728080" elapsed="0.000341"/>
</kw>
<return>
<value>${primeiro_nome}</value>
<status status="PASS" start="2025-11-22T09:19:34.728462" elapsed="0.000024"/>
</return>
<msg time="2025-11-22T09:19:34.728566" level="INFO">${firstName} = Ana</msg>
<var>${firstName}</var>
<doc>Gera primeiro nome nao composto</doc>
<status status="PASS" start="2025-11-22T09:19:34.727516" elapsed="0.001067"/>
</kw>
<kw name="Gerar ultimo nome nao composto" owner="generate_random_data">
<kw name="Last Name" owner="FakerLibrary">
<msg time="2025-11-22T09:19:34.728967" level="INFO">${nome_completo} = Cirino</msg>
<var>${nome_completo}</var>
<status status="PASS" start="2025-11-22T09:19:34.728851" elapsed="0.000145"/>
</kw>
<kw name="Split String" owner="String">
<msg time="2025-11-22T09:19:34.729323" level="INFO">${nome_simples} = ['Cirino']</msg>
<var>${nome_simples}</var>
<arg>${nome_completo}</arg>
<arg>${SPACE}</arg>
<doc>Splits the ``string`` using ``separator`` as a delimiter string.</doc>
<status status="PASS" start="2025-11-22T09:19:34.729106" elapsed="0.000248"/>
</kw>
<kw name="Set Variable" owner="BuiltIn">
<msg time="2025-11-22T09:19:34.729965" level="INFO">${ultimo_nome} = Cirino</msg>
<var>${ultimo_nome}</var>
<arg>${nome_simples[0]}</arg>
<doc>Returns the given values which can then be assigned to a variables.</doc>
<status status="PASS" start="2025-11-22T09:19:34.729485" elapsed="0.000530"/>
</kw>
<kw name="Set Variable" owner="BuiltIn">
<msg time="2025-11-22T09:19:34.730694" level="INFO">${ultimo_nome_upper} = Cirino</msg>
<var>${ultimo_nome_upper}</var>
<arg>${ultimo_nome[0].upper()}${ultimo_nome[1:]}</arg>
<doc>Returns the given values which can then be assigned to a variables.</doc>
<status status="PASS" start="2025-11-22T09:19:34.730127" elapsed="0.000589"/>
</kw>
<return>
<value>${ultimo_nome_upper}</value>
<status status="PASS" start="2025-11-22T09:19:34.730760" elapsed="0.000040"/>
</return>
<msg time="2025-11-22T09:19:34.730906" level="INFO">${lastName} = Cirino</msg>
<var>${lastName}</var>
<doc>Gera ultimo nome nao composto</doc>
<status status="PASS" start="2025-11-22T09:19:34.728685" elapsed="0.002243"/>
</kw>
<kw name="Set Variable" owner="BuiltIn">
<msg time="2025-11-22T09:19:34.731174" level="INFO">${responsibleContact} = Ana Cirino</msg>
<var>${responsibleContact}</var>
<arg>${firstName} ${lastName}</arg>
<doc>Returns the given values which can then be assigned to a variables.</doc>
<status status="PASS" start="2025-11-22T09:19:34.731024" elapsed="0.000181"/>
</kw>
<kw name="Generate Random String" owner="String">
<msg time="2025-11-22T09:19:34.731538" level="INFO">${telephone} = 30114810705</msg>
<var>${telephone}</var>
<arg>11</arg>
<arg>[NUMBERS]</arg>
<doc>Generates a string with a desired ``length`` from the given ``chars``.</doc>
<status status="PASS" start="2025-11-22T09:19:34.731342" elapsed="0.000219"/>
</kw>
<kw name="Sentence" owner="FakerLibrary">
<msg time="2025-11-22T09:19:34.732082" level="INFO">${serviceDescription} = Labore perferendis voluptas libero aspernatur enim libero.</msg>
<var>${serviceDescription}</var>
<arg>6</arg>
<doc>Generate a sentence.</doc>
<status status="PASS" start="2025-11-22T09:19:34.731656" elapsed="0.000457"/>
</kw>
<kw name="Gerar cep sem caracteres especiais" owner="generate_random_data">
<kw name="Postcode" owner="FakerLibrary">
<msg time="2025-11-22T09:19:34.732760" level="INFO">${zipCode} = 19131-614</msg>
<var>${zipCode}</var>
<doc>Randomly returns a postcode.
:param formatted: True to allow formatted postcodes, else False (default True)
:example formatted: '41224-212' '83992-291' '12324322'
:example raw: '43920231' '34239530'</doc>
<status status="PASS" start="2025-11-22T09:19:34.732579" elapsed="0.000225"/>
</kw>
<kw name="Evaluate" owner="BuiltIn">
<msg time="2025-11-22T09:19:34.733433" level="INFO">${zipCode_clean} = 19131614</msg>
<var>${zipCode_clean}</var>
<arg>''.join(c for c in '${zipCode}' if c.isdigit())</arg>
<doc>Evaluates the given expression in Python and returns the result.</doc>
<status status="PASS" start="2025-11-22T09:19:34.732930" elapsed="0.000610"/>
</kw>
<return>
<value>${zipCode_clean}</value>
<status status="PASS" start="2025-11-22T09:19:34.733680" elapsed="0.000094"/>
</return>
<msg time="2025-11-22T09:19:34.734006" level="INFO">${zipCode} = 19131614</msg>
<var>${zipCode}</var>
<doc>Gera um cep sem caracteres especiais</doc>
<status status="PASS" start="2025-11-22T09:19:34.732316" elapsed="0.001741"/>
</kw>
<kw name="City" owner="FakerLibrary">
<msg time="2025-11-22T09:19:34.734845" level="INFO">${city} = Alves</msg>
<var>${city}</var>
<doc>:example: 'Sashabury'</doc>
<status status="PASS" start="2025-11-22T09:19:34.734292" elapsed="0.000711"/>
</kw>
<kw name="Gerar sigla do estado" owner="generate_random_data">
<kw name="Random Element" owner="FakerLibrary">
<msg time="2025-11-22T09:19:34.737441" level="INFO">${s_COMPANY_NAME} = MS</msg>
<var>${s_COMPANY_NAME}</var>
<arg>elements=('AC','AL','AP','AM','BA','CE','DF','ES','GO','MA','MT','MS','MG','PA','PB','PR','PE','PI','RJ','RN','RS','RO','RR','SC','SP','SE','TO')</arg>
<doc>Generate a randomly sampled object from ``elements``.</doc>
<status status="PASS" start="2025-11-22T09:19:34.736639" elapsed="0.000843"/>
</kw>
<return>
<value>${s_COMPANY_NAME}</value>
<status status="PASS" start="2025-11-22T09:19:34.737568" elapsed="0.000051"/>
</return>
<msg time="2025-11-22T09:19:34.737768" level="INFO">${state} = MS</msg>
<var>${state}</var>
<doc>Gera a sigla de um estado brasileiro</doc>
<status status="PASS" start="2025-11-22T09:19:34.735667" elapsed="0.002128"/>
</kw>
<kw name="Street Name" owner="FakerLibrary">
<msg time="2025-11-22T09:19:34.738117" level="INFO">${district} = Vale Nascimento</msg>
<var>${district}</var>
<doc>:example: 'Crist Parks'</doc>
<status status="PASS" start="2025-11-22T09:19:34.737934" elapsed="0.000212"/>
</kw>
<kw name="Gerar logradouro sem caracteres especiais" owner="generate_random_data">
<kw name="Street Address" owner="FakerLibrary">
<msg time="2025-11-22T09:19:34.738622" level="INFO">${street} = Lagoa Lima</msg>
<var>${street}</var>
<doc>:example: '791 Crist Parks'</doc>
<status status="PASS" start="2025-11-22T09:19:34.738488" elapsed="0.000160"/>
</kw>
<kw name="Evaluate" owner="BuiltIn">
<msg time="2025-11-22T09:19:34.739123" level="INFO">${street_clean} = Lagoa Lima</msg>
<var>${street_clean}</var>
<arg>''.join(c for c in '${street}' if c.isalnum() or c==' ')</arg>
<doc>Evaluates the given expression in Python and returns the result.</doc>
<status status="PASS" start="2025-11-22T09:19:34.738785" elapsed="0.000366"/>
</kw>
<return>
<value>${street_clean}</value>
<status status="PASS" start="2025-11-22T09:19:34.739206" elapsed="0.000037"/>
</return>
<msg time="2025-11-22T09:19:34.739345" level="INFO">${street} = Lagoa Lima</msg>
<var>${street}</var>
<doc>Gera um logradouro sem caracteres especiais</doc>
<status status="PASS" start="2025-11-22T09:19:34.738300" elapsed="0.001066"/>
</kw>
<kw name="Building Number" owner="FakerLibrary">
<msg time="2025-11-22T09:19:34.739581" level="INFO">${number} = 43</msg>
<var>${number}</var>
<doc>:example: '791'</doc>
<status status="PASS" start="2025-11-22T09:19:34.739460" elapsed="0.000142"/>
</kw>
<kw name="Generate Random String" owner="String">
<msg time="2025-11-22T09:19:34.739856" level="INFO">${complement} = lZckR</msg>
<var>${complement}</var>
<arg>5</arg>
<arg>[LETTERS]</arg>
<doc>Generates a string with a desired ``length`` from the given ``chars``.</doc>
<status status="PASS" start="2025-11-22T09:19:34.739687" elapsed="0.000190"/>
</kw>
<kw name="Set Suite Variable" owner="BuiltIn">
<msg time="2025-11-22T09:19:34.740650" level="INFO">${COMPANY_NAME} = CloudNetx_bJWXe</msg>
<arg>${COMPANY_NAME}</arg>
<arg>${corporateName}</arg>
<doc>Makes a variable available everywhere within the scope of the current suite.</doc>
<status status="PASS" start="2025-11-22T09:19:34.739980" elapsed="0.000710"/>
</kw>
<kw name="Set Suite Variable" owner="BuiltIn">
<msg time="2025-11-22T09:19:34.740976" level="INFO">${REGISTER_COMPANY} = 50991678090827</msg>
<arg>${REGISTER_COMPANY}</arg>
<arg>${registerCompany}</arg>
<doc>Makes a variable available everywhere within the scope of the current suite.</doc>
<status status="PASS" start="2025-11-22T09:19:34.740812" elapsed="0.000197"/>
</kw>
<kw name="Set Suite Variable" owner="BuiltIn">
<msg time="2025-11-22T09:19:34.741231" level="INFO">${MAIL} = cloudnetx_bjwxe@qacoders.com</msg>
<arg>${MAIL}</arg>
<arg>${mail}</arg>
<doc>Makes a variable available everywhere within the scope of the current suite.</doc>
<status status="PASS" start="2025-11-22T09:19:34.741100" elapsed="0.000161"/>
</kw>
<kw name="Set Suite Variable" owner="BuiltIn">
<msg time="2025-11-22T09:19:34.741935" level="INFO">${MATRIZ} = teste</msg>
<arg>${MATRIZ}</arg>
<arg>teste</arg>
<doc>Makes a variable available everywhere within the scope of the current suite.</doc>
<status status="PASS" start="2025-11-22T09:19:34.741349" elapsed="0.000621"/>
</kw>
<kw name="Set Suite Variable" owner="BuiltIn">
<msg time="2025-11-22T09:19:34.742216" level="INFO">${RESPONSIBLE_CONTACT} = Ana Cirino</msg>
<arg>${RESPONSIBLE_CONTACT}</arg>
<arg>${responsibleContact}</arg>
<doc>Makes a variable available everywhere within the scope of the current suite.</doc>
<status status="PASS" start="2025-11-22T09:19:34.742066" elapsed="0.000216"/>
</kw>
<kw name="Set Suite Variable" owner="BuiltIn">
<msg time="2025-11-22T09:19:34.742656" level="INFO">${TELEPHONE} = 30114810705</msg>
<arg>${TELEPHONE}</arg>
<arg>${telephone}</arg>
<doc>Makes a variable available everywhere within the scope of the current suite.</doc>
<status status="PASS" start="2025-11-22T09:19:34.742405" elapsed="0.000300"/>
</kw>
<kw name="Set Suite Variable" owner="BuiltIn">
<msg time="2025-11-22T09:19:34.743005" level="INFO">${SERVICE_DESCRIPTION} = Labore perferendis voluptas libero aspernatur enim libero.</msg>
<arg>${SERVICE_DESCRIPTION}</arg>
<arg>${serviceDescription}</arg>
<doc>Makes a variable available everywhere within the scope of the current suite.</doc>
<status status="PASS" start="2025-11-22T09:19:34.742831" elapsed="0.000211"/>
</kw>
<kw name="Set Suite Variable" owner="BuiltIn">
<msg time="2025-11-22T09:19:34.743351" level="INFO">${ZIPCODE} = 19131614</msg>
<arg>${ZIPCODE}</arg>
<arg>${zipCode}</arg>
<doc>Makes a variable available everywhere within the scope of the current suite.</doc>
<status status="PASS" start="2025-11-22T09:19:34.743155" elapsed="0.000249"/>
</kw>
<kw name="Set Suite Variable" owner="BuiltIn">
<msg time="2025-11-22T09:19:34.743723" level="INFO">${CITY} = Alves</msg>
<arg>${CITY}</arg>
<arg>${city}</arg>
<doc>Makes a variable available everywhere within the scope of the current suite.</doc>
<status status="PASS" start="2025-11-22T09:19:34.743533" elapsed="0.000229"/>
</kw>
<kw name="Set Suite Variable" owner="BuiltIn">
<msg time="2025-11-22T09:19:34.744001" level="INFO">${STATE} = MS</msg>
<arg>${STATE}</arg>
<arg>${state}</arg>
<doc>Makes a variable available everywhere within the scope of the current suite.</doc>
<status status="PASS" start="2025-11-22T09:19:34.743867" elapsed="0.000304"/>
</kw>
<kw name="Set Suite Variable" owner="BuiltIn">
<msg time="2025-11-22T09:19:34.744453" level="INFO">${DISTRICT} = Vale Nascimento</msg>
<arg>${DISTRICT}</arg>
<arg>${district}</arg>
<doc>Makes a variable available everywhere within the scope of the current suite.</doc>
<status status="PASS" start="2025-11-22T09:19:34.744285" elapsed="0.000203"/>
</kw>
<kw name="Set Suite Variable" owner="BuiltIn">
<msg time="2025-11-22T09:19:34.744752" level="INFO">${STREET} = Lagoa Lima</msg>
<arg>${STREET}</arg>
<arg>${street}</arg>
<doc>Makes a variable available everywhere within the scope of the current suite.</doc>
<status status="PASS" start="2025-11-22T09:19:34.744593" elapsed="0.000191"/>
</kw>
<kw name="Set Suite Variable" owner="BuiltIn">
<msg time="2025-11-22T09:19:34.745015" level="INFO">${NUMBER} = 43</msg>
<arg>${NUMBER}</arg>
<arg>${number}</arg>
<doc>Makes a variable available everywhere within the scope of the current suite.</doc>
<status status="PASS" start="2025-11-22T09:19:34.744876" elapsed="0.000170"/>
</kw>
<kw name="Set Suite Variable" owner="BuiltIn">
<msg time="2025-11-22T09:19:34.745330" level="INFO">${COMPLEMENT} = lZckR</msg>
<arg>${COMPLEMENT}</arg>
<arg>${complement}</arg>
<doc>Makes a variable available everywhere within the scope of the current suite.</doc>
<status status="PASS" start="2025-11-22T09:19:34.745174" elapsed="0.000190"/>
</kw>
<kw name="Set Suite Variable" owner="BuiltIn">
<msg time="2025-11-22T09:19:34.746376" level="INFO">${COUNTRY} = Brasil</msg>
<arg>${COUNTRY}</arg>
<arg>Brasil</arg>
<doc>Makes a variable available everywhere within the scope of the current suite.</doc>
<status status="PASS" start="2025-11-22T09:19:34.745464" elapsed="0.000946"/>
</kw>
<status status="PASS" start="2025-11-22T09:19:34.722701" elapsed="0.023789"/>
</kw>
<kw name="Realizar login" owner="company">
<kw name="Create Dictionary" owner="BuiltIn">
<msg time="2025-11-22T09:19:34.747309" level="INFO">${body} = {'mail': 'sysadmin@qacoders.com', 'password': '1234@Test'}</msg>
<var>${body}</var>
<arg>mail=${USER_EMAIL}</arg>
<arg>password=${USER_PASSWORD}</arg>
<doc>Creates and returns a dictionary based on the given ``items``.</doc>
<status status="PASS" start="2025-11-22T09:19:34.746979" elapsed="0.000356"/>
</kw>
<kw name="Criar Sessao" owner="company">
<kw name="Create Dictionary" owner="BuiltIn">
<msg time="2025-11-22T09:19:34.747837" level="INFO">${headers} = {'accept': 'application/json', 'Content-Type': 'application/json'}</msg>
<var>${headers}</var>
<arg>accept=application/json</arg>
<arg>Content-Type=application/json</arg>
<doc>Creates and returns a dictionary based on the given ``items``.</doc>
<status status="PASS" start="2025-11-22T09:19:34.747709" elapsed="0.000150"/>
</kw>
<kw name="Create Session" owner="RequestsLibrary">
<msg time="2025-11-22T09:19:34.748124" level="INFO">Creating Session using : alias=develop, url=https://api-blacklist.qacoders.dev.br/api, headers={'accept': 'application/json', 'Content-Type': 'application/json'},                     cookies={}, auth=None, timeout=None, proxies=None, verify=False,                     debug=0 </msg>
<arg>alias=develop</arg>
<arg>url=${BASE_URL}</arg>
<arg>headers=${headers}</arg>
<doc>Create Session: create a HTTP session to a server</doc>
<status status="PASS" start="2025-11-22T09:19:34.747952" elapsed="0.000342"/>
</kw>
<status status="PASS" start="2025-11-22T09:19:34.747500" elapsed="0.000856"/>
</kw>
<kw name="POST On Session" owner="RequestsLibrary">
<msg time="2025-11-22T09:19:37.338001" level="INFO">POST Request : url=https://api-blacklist.qacoders.dev.br/api/login 
 path_url=/api/login 
 headers={'User-Agent': 'python-requests/2.32.5', 'Accept-Encoding': 'gzip, deflate', 'accept': 'application/json', 'Connection': 'keep-alive', 'Content-Type': 'application/json', 'Content-Length': '58'} 
 body=b'{"mail": "sysadmin@qacoders.com", "password": "1234@Test"}' 
 </msg>
<msg time="2025-11-22T09:19:37.338348" level="INFO">POST Response : url=https://api-blacklist.qacoders.dev.br/api/login 
 status=200, reason=OK 
 headers={'Access-Control-Allow-Origin': '*', 'Content-Length': '874', 'Content-Type': 'application/json; charset=utf-8', 'Date': 'Sat, 22 Nov 2025 12:19:18 GMT', 'Etag': 'W/"36a-wts/rgYAx/BSNQYGsuwhE/j7LRE"', 'X-Powered-By': 'Express'} 
 body={"msg":"Olá Maria Williams, autenticação autorizada com sucesso!","user":{"_id":"6901507425998db79433b965","fullName":"Maria Williams","mail":"sysadmin@qacoders.com","password":"$2b$10$JA/Gc6l5x3X8lXYboMNgROi5t3SIMyxL73kWmFu8pI9YSu2ODes4G","accessProfile":"ADMIN","cpf":"89396991022","status":true,"audit":[{"registeredBy":{"userId":"6900ed6d99ad1971dac9f0e0","userLogin":"sysadmin@qacoders.com"},"registrationDate":"terça-feira, 28/10/2025, 20:23:31 BRT","registrationNumber":"QaCoders-4","_id":"6901507425998db79433b966"}],"__v":0},"token":"eyJhbGciOiJIUzI1NiIsInR5cCI6IkpXVCJ9.eyJfaWQiOiI2OTAxNTA3NDI1OTk4ZGI3OTQzM2I5NjUiLCJ1c2VySWQiOiI2OTAxNTA3NDI1OTk4ZGI3OTQzM2I5NjUiLCJuYW1lIjoiTWFyaWEgV2lsbGlhbXMiLCJtYWlsIjoic3lzYWRtaW5AcWFjb2RlcnMuY29tIiwiYWNjZXNzUHJvZmlsZSI6IkFETUlOIiwiaWF0IjoxNzYzODEzOTU4LCJleHAiOjE3NjM5MDAzNTh9.n-0OFJyJvbKTN9-3YGg-HulXWknUUc1o9z8LynfBDSA"} 
 </msg>
<msg time="2025-11-22T09:19:37.338663" level="INFO">${bodyResponse} = &lt;Response [200]&gt;</msg>
<var>${bodyResponse}</var>
<arg>alias=develop</arg>
<arg>url=/login</arg>
<arg>json=${body}</arg>
<arg>verify=${True}</arg>
<doc>Sends a POST request on a previously created HTTP Session.</doc>
<status status="PASS" start="2025-11-22T09:19:34.748438" elapsed="2.590296"/>
</kw>
<kw name="Log" owner="BuiltIn">
<msg time="2025-11-22T09:19:37.341495" level="INFO">{'msg': 'Olá Maria Williams, autenticação autorizada com sucesso!', 'user': {'_id': '6901507425998db79433b965', 'fullName': 'Maria Williams', 'mail': 'sysadmin@qacoders.com', 'password': '$2b$10$JA/Gc6l5x3X8lXYboMNgROi5t3SIMyxL73kWmFu8pI9YSu2ODes4G', 'accessProfile': 'ADMIN', 'cpf': '89396991022', 'status': True, 'audit': [{'registeredBy': {'userId': '6900ed6d99ad1971dac9f0e0', 'userLogin': 'sysadmin@qacoders.com'}, 'registrationDate': 'terça-feira, 28/10/2025, 20:23:31 BRT', 'registrationNumber': 'QaCoders-4', '_id': '6901507425998db79433b966'}], '__v': 0}, 'token': 'eyJhbGciOiJIUzI1NiIsInR5cCI6IkpXVCJ9.eyJfaWQiOiI2OTAxNTA3NDI1OTk4ZGI3OTQzM2I5NjUiLCJ1c2VySWQiOiI2OTAxNTA3NDI1OTk4ZGI3OTQzM2I5NjUiLCJuYW1lIjoiTWFyaWEgV2lsbGlhbXMiLCJtYWlsIjoic3lzYWRtaW5AcWFjb2RlcnMuY29tIiwiYWNjZXNzUHJvZmlsZSI6IkFETUlOIiwiaWF0IjoxNzYzODEzOTU4LCJleHAiOjE3NjM5MDAzNTh9.n-0OFJyJvbKTN9-3YGg-HulXWknUUc1o9z8LynfBDSA'}</msg>
<arg>${bodyResponse.json()}</arg>
<doc>Logs the given message with the given level.</doc>
<status status="PASS" start="2025-11-22T09:19:37.339093" elapsed="0.002574"/>
</kw>
<kw name="Log" owner="BuiltIn">
<msg time="2025-11-22T09:19:37.342889" level="INFO">eyJhbGciOiJIUzI1NiIsInR5cCI6IkpXVCJ9.eyJfaWQiOiI2OTAxNTA3NDI1OTk4ZGI3OTQzM2I5NjUiLCJ1c2VySWQiOiI2OTAxNTA3NDI1OTk4ZGI3OTQzM2I5NjUiLCJuYW1lIjoiTWFyaWEgV2lsbGlhbXMiLCJtYWlsIjoic3lzYWRtaW5AcWFjb2RlcnMuY29tIiwiYWNjZXNzUHJvZmlsZSI6IkFETUlOIiwiaWF0IjoxNzYzODEzOTU4LCJleHAiOjE3NjM5MDAzNTh9.n-0OFJyJvbKTN9-3YGg-HulXWknUUc1o9z8LynfBDSA</msg>
<arg>${bodyResponse.json()['token']}</arg>
<doc>Logs the given message with the given level.</doc>
<status status="PASS" start="2025-11-22T09:19:37.341941" elapsed="0.001047"/>
</kw>
<kw name="Status Should Be" owner="RequestsLibrary">
<arg>200</arg>
<arg>${bodyResponse}</arg>
<doc>Fails if response status code is different than the expected.</doc>
<status status="PASS" start="2025-11-22T09:19:37.343244" elapsed="0.000396"/>
</kw>
<return>
<value>${bodyResponse.json()['token']}</value>
<status status="PASS" start="2025-11-22T09:19:37.343763" elapsed="0.000080"/>
</return>
<msg time="2025-11-22T09:19:37.344717" level="INFO">${TOKEN} = eyJhbGciOiJIUzI1NiIsInR5cCI6IkpXVCJ9.eyJfaWQiOiI2OTAxNTA3NDI1OTk4ZGI3OTQzM2I5NjUiLCJ1c2VySWQiOiI2OTAxNTA3NDI1OTk4ZGI3OTQzM2I5NjUiLCJuYW1lIjoiTWFyaWEgV2lsbGlhbXMiLCJtYWlsIjoic3lzYWRtaW5AcWFjb2RlcnMuY29...</msg>
<var>${TOKEN}</var>
<status status="PASS" start="2025-11-22T09:19:34.746665" elapsed="2.598217"/>
</kw>
<kw name="Create Dictionary" owner="BuiltIn">
<msg time="2025-11-22T09:19:37.346203" level="INFO">${body} = {'corporateName': 'CloudNetx_bJWXe', 'registerCompany': '50991678090827', 'mail': 'cloudnetx_bjwxe@qacoders.com', 'matriz': 'teste', 'responsibleContact': 'Ana Cirino', 'telephone': '30114810705', 'se...</msg>
<var>${body}</var>
<arg>corporateName=${COMPANY_NAME}</arg>
<arg>registerCompany=${REGISTER_COMPANY}</arg>
<arg>mail=${MAIL}</arg>
<arg>matriz=${MATRIZ}</arg>
<arg>responsibleContact=${RESPONSIBLE_CONTACT}</arg>
<arg>telephone=${TELEPHONE}</arg>
<arg>serviceDescription=${SERVICE_DESCRIPTION}</arg>
<arg>address=${EMPTY}</arg>
<doc>Creates and returns a dictionary based on the given ``items``.</doc>
<status status="PASS" start="2025-11-22T09:19:37.345129" elapsed="0.001098"/>
</kw>
<kw name="Create Dictionary" owner="BuiltIn">
<msg time="2025-11-22T09:19:37.347044" level="INFO">${address_dict} = {'zipCode': '19131614', 'city': 'Alves', 'state': 'MS', 'district': 'Vale Nascimento', 'street': 'Lagoa Lima', 'number': '43', 'complement': 'lZckR', 'country': 'Brasil'}</msg>
<var>${address_dict}</var>
<arg>zipCode=${ZIPCODE}</arg>
<arg>city=${CITY}</arg>
<arg>state=${STATE}</arg>
<arg>district=${DISTRICT}</arg>
<arg>street=${STREET}</arg>
<arg>number=${NUMBER}</arg>
<arg>complement=${COMPLEMENT}</arg>
<arg>country=${COUNTRY}</arg>
<doc>Creates and returns a dictionary based on the given ``items``.</doc>
<status status="PASS" start="2025-11-22T09:19:37.346395" elapsed="0.000698"/>
</kw>
<kw name="Create List" owner="BuiltIn">
<msg time="2025-11-22T09:19:37.347521" level="INFO">${final_ddress_list} = [{'zipCode': '19131614', 'city': 'Alves', 'state': 'MS', 'district': 'Vale Nascimento', 'street': 'Lagoa Lima', 'number': '43', 'complement': 'lZckR', 'country': 'Brasil'}]</msg>
<var>${final_ddress_list}</var>
<arg>${address_dict}</arg>
<doc>Returns a list containing given items.</doc>
<status status="PASS" start="2025-11-22T09:19:37.347314" elapsed="0.000235"/>
</kw>
<kw name="Set To Dictionary" owner="Collections">
<arg>${body}</arg>
<arg>address=${final_ddress_list}</arg>
<doc>Adds the given ``key_value_pairs`` and/or ``items`` to the ``dictionary``.</doc>
<status status="PASS" start="2025-11-22T09:19:37.347664" elapsed="0.000160"/>
</kw>
<kw name="POST On Session" owner="RequestsLibrary">
<msg time="2025-11-22T09:19:37.536315" level="INFO">POST Request : url=https://api-blacklist.qacoders.dev.br/api/company?token=eyJhbGciOiJIUzI1NiIsInR5cCI6IkpXVCJ9.eyJfaWQiOiI2OTAxNTA3NDI1OTk4ZGI3OTQzM2I5NjUiLCJ1c2VySWQiOiI2OTAxNTA3NDI1OTk4ZGI3OTQzM2I5NjUiLCJuYW1lIjoiTWFyaWEgV2lsbGlhbXMiLCJtYWlsIjoic3lzYWRtaW5AcWFjb2RlcnMuY29tIiwiYWNjZXNzUHJvZmlsZSI6IkFETUlOIiwiaWF0IjoxNzYzODEzOTU4LCJleHAiOjE3NjM5MDAzNTh9.n-0OFJyJvbKTN9-3YGg-HulXWknUUc1o9z8LynfBDSA 
 path_url=/api/company?token=eyJhbGciOiJIUzI1NiIsInR5cCI6IkpXVCJ9.eyJfaWQiOiI2OTAxNTA3NDI1OTk4ZGI3OTQzM2I5NjUiLCJ1c2VySWQiOiI2OTAxNTA3NDI1OTk4ZGI3OTQzM2I5NjUiLCJuYW1lIjoiTWFyaWEgV2lsbGlhbXMiLCJtYWlsIjoic3lzYWRtaW5AcWFjb2RlcnMuY29tIiwiYWNjZXNzUHJvZmlsZSI6IkFETUlOIiwiaWF0IjoxNzYzODEzOTU4LCJleHAiOjE3NjM5MDAzNTh9.n-0OFJyJvbKTN9-3YGg-HulXWknUUc1o9z8LynfBDSA 
 headers={'User-Agent': 'python-requests/2.32.5', 'Accept-Encoding': 'gzip, deflate', 'accept': 'application/json', 'Connection': 'keep-alive', 'Content-Type': 'application/json', 'Content-Length': '465'} 
 body=b'{"corporateName": "CloudNetx_bJWXe", "registerCompany": "50991678090827", "mail": "cloudnetx_bjwxe@qacoders.com", "matriz": "teste", "responsibleContact": "Ana Cirino", "telephone": "30114810705", "serviceDescription": "Labore perferendis voluptas libero aspernatur enim libero.", "address": [{"zipCode": "19131614", "city": "Alves", "state": "MS", "district": "Vale Nascimento", "street": "Lagoa Lima", "number": "43", "complement": "lZckR", "country": "Brasil"}]}' 
 </msg>
<msg time="2025-11-22T09:19:37.536517" level="INFO">POST Response : url=https://api-blacklist.qacoders.dev.br/api/company?token=eyJhbGciOiJIUzI1NiIsInR5cCI6IkpXVCJ9.eyJfaWQiOiI2OTAxNTA3NDI1OTk4ZGI3OTQzM2I5NjUiLCJ1c2VySWQiOiI2OTAxNTA3NDI1OTk4ZGI3OTQzM2I5NjUiLCJuYW1lIjoiTWFyaWEgV2lsbGlhbXMiLCJtYWlsIjoic3lzYWRtaW5AcWFjb2RlcnMuY29tIiwiYWNjZXNzUHJvZmlsZSI6IkFETUlOIiwiaWF0IjoxNzYzODEzOTU4LCJleHAiOjE3NjM5MDAzNTh9.n-0OFJyJvbKTN9-3YGg-HulXWknUUc1o9z8LynfBDSA 
 status=201, reason=Created 
 headers={'Access-Control-Allow-Origin': '*', 'Content-Length': '796', 'Content-Type': 'application/json; charset=utf-8', 'Date': 'Sat, 22 Nov 2025 12:19:18 GMT', 'Etag': 'W/"31c-2hn6kULCPseAVXeRTeB6yM6L+Ys"', 'X-Powered-By': 'Express'} 
 body={"msg":"Olá a companhia CloudNetx_bJWXe foi cadastrada com sucesso.","newCompany":{"corporateName":"CloudNetx_bJWXe","registerCompany":"50991678090827","responsibleContact":"Ana Cirino","mail":"cloudnetx_bjwxe@qacoders.com","telephone":"30114810705","serviceDescription":"Labore perferendis voluptas libero aspernatur enim libero.","matriz":"teste","status":true,"address":[{"country":"Brasil","zipCode":"19131614","city":"Alves","state":"MS","district":"Vale Nascimento","street":"Lagoa Lima","number":"43","complement":"lZckR","_id":"6921aa46239550a88490f416"}],"audit":[{"registrationDate":"sábado, 22/11/2025, 09:19:18 BRT","registeredBy":{"userId":"6901507425998db79433b965","userLogin":"sysadmin@qacoders.com"},"_id":"6921aa46239550a88490f417"}],"_id":"6921aa46239550a88490f415","__v":0}} 
 </msg>
<msg time="2025-11-22T09:19:37.536786" level="INFO">${response} = &lt;Response [201]&gt;</msg>
<var>${response}</var>
<arg>alias=develop</arg>
<arg>url=/company?token=${TOKEN}</arg>
<arg>json=${body}</arg>
<arg>verify=${True}</arg>
<doc>Sends a POST request on a previously created HTTP Session.</doc>
<status status="PASS" start="2025-11-22T09:19:37.347928" elapsed="0.188922"/>
</kw>
<kw name="Status Should Be" owner="RequestsLibrary">
<arg>201</arg>
<arg>${response}</arg>
<doc>Fails if response status code is different than the expected.</doc>
<status status="PASS" start="2025-11-22T09:19:37.537236" elapsed="0.000418"/>
</kw>
<kw name="Log" owner="BuiltIn">
<msg time="2025-11-22T09:19:37.539123" level="INFO">{'msg': 'Olá a companhia CloudNetx_bJWXe foi cadastrada com sucesso.', 'newCompany': {'corporateName': 'CloudNetx_bJWXe', 'registerCompany': '50991678090827', 'responsibleContact': 'Ana Cirino', 'mail': 'cloudnetx_bjwxe@qacoders.com', 'telephone': '30114810705', 'serviceDescription': 'Labore perferendis voluptas libero aspernatur enim libero.', 'matriz': 'teste', 'status': True, 'address': [{'country': 'Brasil', 'zipCode': '19131614', 'city': 'Alves', 'state': 'MS', 'district': 'Vale Nascimento', 'street': 'Lagoa Lima', 'number': '43', 'complement': 'lZckR', '_id': '6921aa46239550a88490f416'}], 'audit': [{'registrationDate': 'sábado, 22/11/2025, 09:19:18 BRT', 'registeredBy': {'userId': '6901507425998db79433b965', 'userLogin': 'sysadmin@qacoders.com'}, '_id': '6921aa46239550a88490f417'}], '_id': '6921aa46239550a88490f415', '__v': 0}}</msg>
<arg>${response.json()}</arg>
<doc>Logs the given message with the given level.</doc>
<status status="PASS" start="2025-11-22T09:19:37.537928" elapsed="0.001327"/>
</kw>
<kw name="Set Suite Variable" owner="BuiltIn">
<msg time="2025-11-22T09:19:37.541469" level="INFO">${COMPANY_ID} = 6921aa46239550a88490f415</msg>
<arg>${COMPANY_ID}</arg>
<arg>${response.json()['newCompany']['_id']}</arg>
<doc>Makes a variable available everywhere within the scope of the current suite.</doc>
<status status="PASS" start="2025-11-22T09:19:37.539547" elapsed="0.002006"/>
</kw>
<status status="PASS" start="2025-11-22T09:19:34.722293" elapsed="2.819382"/>
</kw>
<status status="PASS" start="2025-11-22T09:19:34.721428" elapsed="2.820831"/>
</test>
<test id="s1-t2" name="Cadastrar empresa com CNPJ inválido" line="13">
<kw name="Cadastrar empresa com CNPJ invalido" owner="company">
<kw name="Gerar Empresa" owner="company">
<kw name="Gerar nome da empresa" owner="generate_random_data">
<kw name="Random Element" owner="FakerLibrary">
<msg time="2025-11-22T09:19:37.545730" level="INFO">${s_COMPANY_NAME} = UrbanEdgex</msg>
<var>${s_COMPANY_NAME}</var>
<arg>elements=('BlueWavex','NextSpherex','QuantumTechx','Innovarex','AlphaSolutionsx','SmartEdgex','GlobalLinkx','VisionaryLabsx','DataCorex','SkylineTechx','FutureWavex','CloudNetx','EcoTechx','BrightPathx','StrongBridgex','UltraCorex','NovaSolutionsx','SkyLineSystemsx','MaxInnovationsx','GreenEdgex','OmniTechx','FastTrackx','PrimeSolutionsx','HyperLinkx','CoreVisionx','SafeSolutionsx','FusionEdgex','TrustSolutionsx','AgroTechx','UrbanEdgex','SmartPathx','InfoCorex','QuickSolutionsx','ProTechx','NextErax','GlobalVisionx','TechInnovatorsx','DataWorksx','BrightEdgex','EliteTechx','ModernSystemsx','SolidSolutionsx','InfinityTechx','AeroVisionx','PowerEdgex','VisionCorex','ConnectSolutions')</arg>
<doc>Generate a randomly sampled object from ``elements``.</doc>
<status status="PASS" start="2025-11-22T09:19:37.545223" elapsed="0.000668"/>
</kw>
<return>
<value>${s_COMPANY_NAME}</value>
<status status="PASS" start="2025-11-22T09:19:37.545977" elapsed="0.000049"/>
</return>
<msg time="2025-11-22T09:19:37.546167" level="INFO">${corporateName} = UrbanEdgex</msg>
<var>${corporateName}</var>
<doc>Gera o nome de uma empresa</doc>
<status status="PASS" start="2025-11-22T09:19:37.545024" elapsed="0.001171"/>
</kw>
<kw name="Generate Random String" owner="String">
<msg time="2025-11-22T09:19:37.546556" level="INFO">${unique} = TwflZ</msg>
<var>${unique}</var>
<arg>5</arg>
<arg>[LETTERS]</arg>
<doc>Generates a string with a desired ``length`` from the given ``chars``.</doc>
<status status="PASS" start="2025-11-22T09:19:37.546317" elapsed="0.000269"/>
</kw>
<kw name="Catenate" owner="BuiltIn">
<msg time="2025-11-22T09:19:37.546869" level="INFO">${corporateName} = UrbanEdgex_TwflZ</msg>
<var>${corporateName}</var>
<arg>SEPARATOR=</arg>
<arg>${corporateName}_${unique}</arg>
<doc>Catenates the given items together and returns the resulted string.</doc>
<status status="PASS" start="2025-11-22T09:19:37.546697" elapsed="0.000198"/>
</kw>
<kw name="Gera cnpj da empresa" owner="generate_random_data">
<kw name="Generate Random String" owner="String">
<msg time="2025-11-22T09:19:37.548666" level="INFO">${randomString} = 38872912572828</msg>
<var>${randomString}</var>
<arg>14</arg>
<arg>[NUMBERS]</arg>
<doc>Generates a string with a desired ``length`` from the given ``chars``.</doc>
<status status="PASS" start="2025-11-22T09:19:37.547233" elapsed="0.001468"/>
</kw>
<kw name="Set Variable" owner="BuiltIn">
<msg time="2025-11-22T09:19:37.549034" level="INFO">${matriz} = 38872912572828</msg>
<var>${matriz}</var>
<arg>${randomString}</arg>
<doc>Returns the given values which can then be assigned to a variables.</doc>
<status status="PASS" start="2025-11-22T09:19:37.548845" elapsed="0.000216"/>
</kw>
<return>
<value>${matriz}</value>
<status status="PASS" start="2025-11-22T09:19:37.549119" elapsed="0.000042"/>
</return>
<msg time="2025-11-22T09:19:37.549276" level="INFO">${registerCompany} = 38872912572828</msg>
<var>${registerCompany}</var>
<doc>Gera um cnpj valido</doc>
<status status="PASS" start="2025-11-22T09:19:37.547040" elapsed="0.002259"/>
</kw>
<kw name="Set Variable" owner="BuiltIn">
<msg time="2025-11-22T09:19:37.549845" level="INFO">${mail} = urbanedgex_twflz@qacoders.com</msg>
<var>${mail}</var>
<arg>${corporateName.lower()}@qacoders.com</arg>
<doc>Returns the given values which can then be assigned to a variables.</doc>
<status status="PASS" start="2025-11-22T09:19:37.549398" elapsed="0.000473"/>
</kw>
<kw name="Gerar primeiro nome nao composto" owner="generate_random_data">
<kw name="First Name" owner="FakerLibrary">
<msg time="2025-11-22T09:19:37.550346" level="INFO">${nome_completo} = João Vitor</msg>
<var>${nome_completo}</var>
<status status="PASS" start="2025-11-22T09:19:37.550217" elapsed="0.000157"/>
</kw>
<kw name="Split String" owner="String">
<msg time="2025-11-22T09:19:37.550617" level="INFO">${nome_simples} = ['João', 'Vitor']</msg>
<var>${nome_simples}</var>
<arg>${nome_completo}</arg>
<arg>${SPACE}</arg>
<doc>Splits the ``string`` using ``separator`` as a delimiter string.</doc>
<status status="PASS" start="2025-11-22T09:19:37.550467" elapsed="0.000174"/>
</kw>
<kw name="Set Variable" owner="BuiltIn">
<msg time="2025-11-22T09:19:37.551197" level="INFO">${primeiro_nome} = João</msg>
<var>${primeiro_nome}</var>
<arg>${nome_simples[0]}</arg>
<doc>Returns the given values which can then be assigned to a variables.</doc>
<status status="PASS" start="2025-11-22T09:19:37.550737" elapsed="0.000486"/>
</kw>
<return>
<value>${primeiro_nome}</value>
<status status="PASS" start="2025-11-22T09:19:37.551274" elapsed="0.000031"/>
</return>
<msg time="2025-11-22T09:19:37.551415" level="INFO">${firstName} = João</msg>
<var>${firstName}</var>
<doc>Gera primeiro nome nao composto</doc>
<status status="PASS" start="2025-11-22T09:19:37.550027" elapsed="0.001412"/>
</kw>
<kw name="Gerar ultimo nome nao composto" owner="generate_random_data">
<kw name="Last Name" owner="FakerLibrary">
<msg time="2025-11-22T09:19:37.551792" level="INFO">${nome_completo} = Garcia</msg>
<var>${nome_completo}</var>
<status status="PASS" start="2025-11-22T09:19:37.551700" elapsed="0.000111"/>
</kw>
<kw name="Split String" owner="String">
<msg time="2025-11-22T09:19:37.551996" level="INFO">${nome_simples} = ['Garcia']</msg>
<var>${nome_simples}</var>
<arg>${nome_completo}</arg>
<arg>${SPACE}</arg>
<doc>Splits the ``string`` using ``separator`` as a delimiter string.</doc>
<status status="PASS" start="2025-11-22T09:19:37.551881" elapsed="0.000134"/>
</kw>
<kw name="Set Variable" owner="BuiltIn">
<msg time="2025-11-22T09:19:37.552496" level="INFO">${ultimo_nome} = Garcia</msg>
<var>${ultimo_nome}</var>
<arg>${nome_simples[0]}</arg>
<doc>Returns the given values which can then be assigned to a variables.</doc>
<status status="PASS" start="2025-11-22T09:19:37.552087" elapsed="0.000435"/>
</kw>
<kw name="Set Variable" owner="BuiltIn">
<msg time="2025-11-22T09:19:37.553659" level="INFO">${ultimo_nome_upper} = Garcia</msg>
<var>${ultimo_nome_upper}</var>
<arg>${ultimo_nome[0].upper()}${ultimo_nome[1:]}</arg>
<doc>Returns the given values which can then be assigned to a variables.</doc>
<status status="PASS" start="2025-11-22T09:19:37.552613" elapsed="0.001093"/>
</kw>
<return>
<value>${ultimo_nome_upper}</value>
<status status="PASS" start="2025-11-22T09:19:37.553808" elapsed="0.000055"/>
</return>
<msg time="2025-11-22T09:19:37.554029" level="INFO">${lastName} = Garcia</msg>
<var>${lastName}</var>
<doc>Gera ultimo nome nao composto</doc>
<status status="PASS" start="2025-11-22T09:19:37.551560" elapsed="0.002504"/>
</kw>
<kw name="Set Variable" owner="BuiltIn">
<msg time="2025-11-22T09:19:37.554461" level="INFO">${responsibleContact} = João Garcia</msg>
<var>${responsibleContact}</var>
<arg>${firstName} ${lastName}</arg>
<doc>Returns the given values which can then be assigned to a variables.</doc>
<status status="PASS" start="2025-11-22T09:19:37.554221" elapsed="0.000278"/>
</kw>
<kw name="Generate Random String" owner="String">
<msg time="2025-11-22T09:19:37.554908" level="INFO">${telephone} = 91025417241</msg>
<var>${telephone}</var>
<arg>11</arg>
<arg>[NUMBERS]</arg>
<doc>Generates a string with a desired ``length`` from the given ``chars``.</doc>
<status status="PASS" start="2025-11-22T09:19:37.554646" elapsed="0.000299"/>
</kw>
<kw name="Sentence" owner="FakerLibrary">
<msg time="2025-11-22T09:19:37.555361" level="INFO">${serviceDescription} = Veritatis earum ad voluptatem.</msg>
<var>${serviceDescription}</var>
<arg>6</arg>
<doc>Generate a sentence.</doc>
<status status="PASS" start="2025-11-22T09:19:37.555102" elapsed="0.000296"/>
</kw>
<kw name="Gerar cep sem caracteres especiais" owner="generate_random_data">
<kw name="Postcode" owner="FakerLibrary">
<msg time="2025-11-22T09:19:37.555918" level="INFO">${zipCode} = 66644-772</msg>
<var>${zipCode}</var>
<doc>Randomly returns a postcode.
:param formatted: True to allow formatted postcodes, else False (default True)
:example formatted: '41224-212' '83992-291' '12324322'
:example raw: '43920231' '34239530'</doc>
<status status="PASS" start="2025-11-22T09:19:37.555798" elapsed="0.000146"/>
</kw>
<kw name="Evaluate" owner="BuiltIn">
<msg time="2025-11-22T09:19:37.556323" level="INFO">${zipCode_clean} = 66644772</msg>
<var>${zipCode_clean}</var>
<arg>''.join(c for c in '${zipCode}' if c.isdigit())</arg>
<doc>Evaluates the given expression in Python and returns the result.</doc>
<status status="PASS" start="2025-11-22T09:19:37.556119" elapsed="0.000227"/>
</kw>
<return>
<value>${zipCode_clean}</value>
<status status="PASS" start="2025-11-22T09:19:37.556392" elapsed="0.000030"/>
</return>
<msg time="2025-11-22T09:19:37.556530" level="INFO">${zipCode} = 66644772</msg>
<var>${zipCode}</var>
<doc>Gera um cep sem caracteres especiais</doc>
<status status="PASS" start="2025-11-22T09:19:37.555599" elapsed="0.000951"/>
</kw>
<kw name="City" owner="FakerLibrary">
<msg time="2025-11-22T09:19:37.556749" level="INFO">${city} = Alves das Pedras</msg>
<var>${city}</var>
<doc>:example: 'Sashabury'</doc>
<status status="PASS" start="2025-11-22T09:19:37.556633" elapsed="0.000137"/>
</kw>
<kw name="Gerar sigla do estado" owner="generate_random_data">
<kw name="Random Element" owner="FakerLibrary">
<msg time="2025-11-22T09:19:37.557280" level="INFO">${s_COMPANY_NAME} = PR</msg>
<var>${s_COMPANY_NAME}</var>
<arg>elements=('AC','AL','AP','AM','BA','CE','DF','ES','GO','MA','MT','MS','MG','PA','PB','PR','PE','PI','RJ','RN','RS','RO','RR','SC','SP','SE','TO')</arg>
<doc>Generate a randomly sampled object from ``elements``.</doc>
<status status="PASS" start="2025-11-22T09:19:37.557037" elapsed="0.000267"/>
</kw>
<return>
<value>${s_COMPANY_NAME}</value>
<status status="PASS" start="2025-11-22T09:19:37.557353" elapsed="0.000029"/>
</return>
<msg time="2025-11-22T09:19:37.557478" level="INFO">${state} = PR</msg>
<var>${state}</var>
<doc>Gera a sigla de um estado brasileiro</doc>
<status status="PASS" start="2025-11-22T09:19:37.556879" elapsed="0.000619"/>
</kw>
<kw name="Street Name" owner="FakerLibrary">
<msg time="2025-11-22T09:19:37.557707" level="INFO">${district} = Via de Almeida</msg>
<var>${district}</var>
<doc>:example: 'Crist Parks'</doc>
<status status="PASS" start="2025-11-22T09:19:37.557597" elapsed="0.000131"/>
</kw>
<kw name="Gerar logradouro sem caracteres especiais" owner="generate_random_data">
<kw name="Street Address" owner="FakerLibrary">
<msg time="2025-11-22T09:19:37.558115" level="INFO">${street} = Praça Novaes, 62</msg>
<var>${street}</var>
<doc>:example: '791 Crist Parks'</doc>
<status status="PASS" start="2025-11-22T09:19:37.557994" elapsed="0.000142"/>
</kw>
<kw name="Evaluate" owner="BuiltIn">
<msg time="2025-11-22T09:19:37.558450" level="INFO">${street_clean} = Praça Novaes 62</msg>
<var>${street_clean}</var>
<arg>''.join(c for c in '${street}' if c.isalnum() or c==' ')</arg>
<doc>Evaluates the given expression in Python and returns the result.</doc>
<status status="PASS" start="2025-11-22T09:19:37.558218" elapsed="0.000254"/>
</kw>
<return>
<value>${street_clean}</value>
<status status="PASS" start="2025-11-22T09:19:37.558517" elapsed="0.000038"/>
</return>
<msg time="2025-11-22T09:19:37.558650" level="INFO">${street} = Praça Novaes 62</msg>
<var>${street}</var>
<doc>Gera um logradouro sem caracteres especiais</doc>
<status status="PASS" start="2025-11-22T09:19:37.557839" elapsed="0.000832"/>
</kw>
<kw name="Building Number" owner="FakerLibrary">
<msg time="2025-11-22T09:19:37.558868" level="INFO">${number} = 30</msg>
<var>${number}</var>
<doc>:example: '791'</doc>
<status status="PASS" start="2025-11-22T09:19:37.558755" elapsed="0.000134"/>
</kw>
<kw name="Generate Random String" owner="String">
<msg time="2025-11-22T09:19:37.559122" level="INFO">${complement} = TVbJi</msg>
<var>${complement}</var>
<arg>5</arg>
<arg>[LETTERS]</arg>
<doc>Generates a string with a desired ``length`` from the given ``chars``.</doc>
<status status="PASS" start="2025-11-22T09:19:37.558973" elapsed="0.000169"/>
</kw>
<kw name="Set Suite Variable" owner="BuiltIn">
<msg time="2025-11-22T09:19:37.559387" level="INFO">${COMPANY_NAME} = UrbanEdgex_TwflZ</msg>
<arg>${COMPANY_NAME}</arg>
<arg>${corporateName}</arg>
<doc>Makes a variable available everywhere within the scope of the current suite.</doc>
<status status="PASS" start="2025-11-22T09:19:37.559238" elapsed="0.000180"/>
</kw>
<kw name="Set Suite Variable" owner="BuiltIn">
<msg time="2025-11-22T09:19:37.559639" level="INFO">${REGISTER_COMPANY} = 38872912572828</msg>
<arg>${REGISTER_COMPANY}</arg>
<arg>${registerCompany}</arg>
<doc>Makes a variable available everywhere within the scope of the current suite.</doc>
<status status="PASS" start="2025-11-22T09:19:37.559503" elapsed="0.000166"/>
</kw>
<kw name="Set Suite Variable" owner="BuiltIn">
<msg time="2025-11-22T09:19:37.559873" level="INFO">${MAIL} = urbanedgex_twflz@qacoders.com</msg>
<arg>${MAIL}</arg>
<arg>${mail}</arg>
<doc>Makes a variable available everywhere within the scope of the current suite.</doc>
<status status="PASS" start="2025-11-22T09:19:37.559750" elapsed="0.000152"/>
</kw>
<kw name="Set Suite Variable" owner="BuiltIn">
<msg time="2025-11-22T09:19:37.560097" level="INFO">${MATRIZ} = teste</msg>
<arg>${MATRIZ}</arg>
<arg>teste</arg>
<doc>Makes a variable available everywhere within the scope of the current suite.</doc>
<status status="PASS" start="2025-11-22T09:19:37.559985" elapsed="0.000140"/>
</kw>
<kw name="Set Suite Variable" owner="BuiltIn">
<msg time="2025-11-22T09:19:37.560343" level="INFO">${RESPONSIBLE_CONTACT} = João Garcia</msg>
<arg>${RESPONSIBLE_CONTACT}</arg>
<arg>${responsibleContact}</arg>
<doc>Makes a variable available everywhere within the scope of the current suite.</doc>
<status status="PASS" start="2025-11-22T09:19:37.560206" elapsed="0.000167"/>
</kw>
<kw name="Set Suite Variable" owner="BuiltIn">
<msg time="2025-11-22T09:19:37.560597" level="INFO">${TELEPHONE} = 91025417241</msg>
<arg>${TELEPHONE}</arg>
<arg>${telephone}</arg>
<doc>Makes a variable available everywhere within the scope of the current suite.</doc>
<status status="PASS" start="2025-11-22T09:19:37.560468" elapsed="0.000158"/>
</kw>
<kw name="Set Suite Variable" owner="BuiltIn">
<msg time="2025-11-22T09:19:37.560929" level="INFO">${SERVICE_DESCRIPTION} = Veritatis earum ad voluptatem.</msg>
<arg>${SERVICE_DESCRIPTION}</arg>
<arg>${serviceDescription}</arg>
<doc>Makes a variable available everywhere within the scope of the current suite.</doc>
<status status="PASS" start="2025-11-22T09:19:37.560722" elapsed="0.000272"/>
</kw>
<kw name="Set Suite Variable" owner="BuiltIn">
<msg time="2025-11-22T09:19:37.561347" level="INFO">${ZIPCODE} = 66644772</msg>
<arg>${ZIPCODE}</arg>
<arg>${zipCode}</arg>
<doc>Makes a variable available everywhere within the scope of the current suite.</doc>
<status status="PASS" start="2025-11-22T09:19:37.561140" elapsed="0.000247"/>
</kw>
<kw name="Set Suite Variable" owner="BuiltIn">
<msg time="2025-11-22T09:19:37.561641" level="INFO">${CITY} = Alves das Pedras</msg>
<arg>${CITY}</arg>
<arg>${city}</arg>
<doc>Makes a variable available everywhere within the scope of the current suite.</doc>
<status status="PASS" start="2025-11-22T09:19:37.561491" elapsed="0.000194"/>
</kw>
<kw name="Set Suite Variable" owner="BuiltIn">
<msg time="2025-11-22T09:19:37.561925" level="INFO">${STATE} = PR</msg>
<arg>${STATE}</arg>
<arg>${state}</arg>
<doc>Makes a variable available everywhere within the scope of the current suite.</doc>
<status status="PASS" start="2025-11-22T09:19:37.561789" elapsed="0.000166"/>
</kw>
<kw name="Set Suite Variable" owner="BuiltIn">
<msg time="2025-11-22T09:19:37.562178" level="INFO">${DISTRICT} = Via de Almeida</msg>
<arg>${DISTRICT}</arg>
<arg>${district}</arg>
<doc>Makes a variable available everywhere within the scope of the current suite.</doc>
<status status="PASS" start="2025-11-22T09:19:37.562041" elapsed="0.000171"/>
</kw>
<kw name="Set Suite Variable" owner="BuiltIn">
<msg time="2025-11-22T09:19:37.562457" level="INFO">${STREET} = Praça Novaes 62</msg>
<arg>${STREET}</arg>
<arg>${street}</arg>
<doc>Makes a variable available everywhere within the scope of the current suite.</doc>
<status status="PASS" start="2025-11-22T09:19:37.562309" elapsed="0.000328"/>
</kw>
<kw name="Set Suite Variable" owner="BuiltIn">
<msg time="2025-11-22T09:19:37.563004" level="INFO">${NUMBER} = 30</msg>
<arg>${NUMBER}</arg>
<arg>${number}</arg>
<doc>Makes a variable available everywhere within the scope of the current suite.</doc>
<status status="PASS" start="2025-11-22T09:19:37.562764" elapsed="0.000307"/>
</kw>
<kw name="Set Suite Variable" owner="BuiltIn">
<msg time="2025-11-22T09:19:37.563512" level="INFO">${COMPLEMENT} = TVbJi</msg>
<arg>${COMPLEMENT}</arg>
<arg>${complement}</arg>
<doc>Makes a variable available everywhere within the scope of the current suite.</doc>
<status status="PASS" start="2025-11-22T09:19:37.563255" elapsed="0.000330"/>
</kw>
<kw name="Set Suite Variable" owner="BuiltIn">
<msg time="2025-11-22T09:19:37.563895" level="INFO">${COUNTRY} = Brasil</msg>
<arg>${COUNTRY}</arg>
<arg>Brasil</arg>
<doc>Makes a variable available everywhere within the scope of the current suite.</doc>
<status status="PASS" start="2025-11-22T09:19:37.563733" elapsed="0.000201"/>
</kw>
<status status="PASS" start="2025-11-22T09:19:37.544802" elapsed="0.019200"/>
</kw>
<kw name="Realizar login" owner="company">
<kw name="Create Dictionary" owner="BuiltIn">
<msg time="2025-11-22T09:19:37.564611" level="INFO">${body} = {'mail': 'sysadmin@qacoders.com', 'password': '1234@Test'}</msg>
<var>${body}</var>
<arg>mail=${USER_EMAIL}</arg>
<arg>password=${USER_PASSWORD}</arg>
<doc>Creates and returns a dictionary based on the given ``items``.</doc>
<status status="PASS" start="2025-11-22T09:19:37.564372" elapsed="0.000265"/>
</kw>
<kw name="Criar Sessao" owner="company">
<kw name="Create Dictionary" owner="BuiltIn">
<msg time="2025-11-22T09:19:37.565146" level="INFO">${headers} = {'accept': 'application/json', 'Content-Type': 'application/json'}</msg>
<var>${headers}</var>
<arg>accept=application/json</arg>
<arg>Content-Type=application/json</arg>
<doc>Creates and returns a dictionary based on the given ``items``.</doc>
<status status="PASS" start="2025-11-22T09:19:37.564959" elapsed="0.000228"/>
</kw>
<kw name="Create Session" owner="RequestsLibrary">
<msg time="2025-11-22T09:19:37.565557" level="INFO">Creating Session using : alias=develop, url=https://api-blacklist.qacoders.dev.br/api, headers={'accept': 'application/json', 'Content-Type': 'application/json'},                     cookies={}, auth=None, timeout=None, proxies=None, verify=False,                     debug=0 </msg>
<arg>alias=develop</arg>
<arg>url=${BASE_URL}</arg>
<arg>headers=${headers}</arg>
<doc>Create Session: create a HTTP session to a server</doc>
<status status="PASS" start="2025-11-22T09:19:37.565330" elapsed="0.000403"/>
</kw>
<status status="PASS" start="2025-11-22T09:19:37.564762" elapsed="0.001043"/>
</kw>
<kw name="POST On Session" owner="RequestsLibrary">
<msg time="2025-11-22T09:19:38.944143" level="INFO">POST Request : url=https://api-blacklist.qacoders.dev.br/api/login 
 path_url=/api/login 
 headers={'User-Agent': 'python-requests/2.32.5', 'Accept-Encoding': 'gzip, deflate', 'accept': 'application/json', 'Connection': 'keep-alive', 'Content-Type': 'application/json', 'Content-Length': '58'} 
 body=b'{"mail": "sysadmin@qacoders.com", "password": "1234@Test"}' 
 </msg>
<msg time="2025-11-22T09:19:38.944252" level="INFO">POST Response : url=https://api-blacklist.qacoders.dev.br/api/login 
 status=200, reason=OK 
 headers={'Access-Control-Allow-Origin': '*', 'Content-Length': '874', 'Content-Type': 'application/json; charset=utf-8', 'Date': 'Sat, 22 Nov 2025 12:19:19 GMT', 'Etag': 'W/"36a-iQK5CPa/Y7O9EZWYlYyvxSpJu3c"', 'X-Powered-By': 'Express'} 
 body={"msg":"Olá Maria Williams, autenticação autorizada com sucesso!","user":{"_id":"6901507425998db79433b965","fullName":"Maria Williams","mail":"sysadmin@qacoders.com","password":"$2b$10$JA/Gc6l5x3X8lXYboMNgROi5t3SIMyxL73kWmFu8pI9YSu2ODes4G","accessProfile":"ADMIN","cpf":"89396991022","status":true,"audit":[{"registeredBy":{"userId":"6900ed6d99ad1971dac9f0e0","userLogin":"sysadmin@qacoders.com"},"registrationDate":"terça-feira, 28/10/2025, 20:23:31 BRT","registrationNumber":"QaCoders-4","_id":"6901507425998db79433b966"}],"__v":0},"token":"eyJhbGciOiJIUzI1NiIsInR5cCI6IkpXVCJ9.eyJfaWQiOiI2OTAxNTA3NDI1OTk4ZGI3OTQzM2I5NjUiLCJ1c2VySWQiOiI2OTAxNTA3NDI1OTk4ZGI3OTQzM2I5NjUiLCJuYW1lIjoiTWFyaWEgV2lsbGlhbXMiLCJtYWlsIjoic3lzYWRtaW5AcWFjb2RlcnMuY29tIiwiYWNjZXNzUHJvZmlsZSI6IkFETUlOIiwiaWF0IjoxNzYzODEzOTU5LCJleHAiOjE3NjM5MDAzNTl9.dXrkS9rIexp8k9s6bKd2cLlbyLPwDE7D-C8X8abE7Hs"} 
 </msg>
<msg time="2025-11-22T09:19:38.944376" level="INFO">${bodyResponse} = &lt;Response [200]&gt;</msg>
<var>${bodyResponse}</var>
<arg>alias=develop</arg>
<arg>url=/login</arg>
<arg>json=${body}</arg>
<arg>verify=${True}</arg>
<doc>Sends a POST request on a previously created HTTP Session.</doc>
<status status="PASS" start="2025-11-22T09:19:37.565918" elapsed="1.378484"/>
</kw>
<kw name="Log" owner="BuiltIn">
<msg time="2025-11-22T09:19:38.945042" level="INFO">{'msg': 'Olá Maria Williams, autenticação autorizada com sucesso!', 'user': {'_id': '6901507425998db79433b965', 'fullName': 'Maria Williams', 'mail': 'sysadmin@qacoders.com', 'password': '$2b$10$JA/Gc6l5x3X8lXYboMNgROi5t3SIMyxL73kWmFu8pI9YSu2ODes4G', 'accessProfile': 'ADMIN', 'cpf': '89396991022', 'status': True, 'audit': [{'registeredBy': {'userId': '6900ed6d99ad1971dac9f0e0', 'userLogin': 'sysadmin@qacoders.com'}, 'registrationDate': 'terça-feira, 28/10/2025, 20:23:31 BRT', 'registrationNumber': 'QaCoders-4', '_id': '6901507425998db79433b966'}], '__v': 0}, 'token': 'eyJhbGciOiJIUzI1NiIsInR5cCI6IkpXVCJ9.eyJfaWQiOiI2OTAxNTA3NDI1OTk4ZGI3OTQzM2I5NjUiLCJ1c2VySWQiOiI2OTAxNTA3NDI1OTk4ZGI3OTQzM2I5NjUiLCJuYW1lIjoiTWFyaWEgV2lsbGlhbXMiLCJtYWlsIjoic3lzYWRtaW5AcWFjb2RlcnMuY29tIiwiYWNjZXNzUHJvZmlsZSI6IkFETUlOIiwiaWF0IjoxNzYzODEzOTU5LCJleHAiOjE3NjM5MDAzNTl9.dXrkS9rIexp8k9s6bKd2cLlbyLPwDE7D-C8X8abE7Hs'}</msg>
<arg>${bodyResponse.json()}</arg>
<doc>Logs the given message with the given level.</doc>
<status status="PASS" start="2025-11-22T09:19:38.944566" elapsed="0.000528"/>
</kw>
<kw name="Log" owner="BuiltIn">
<msg time="2025-11-22T09:19:38.945555" level="INFO">eyJhbGciOiJIUzI1NiIsInR5cCI6IkpXVCJ9.eyJfaWQiOiI2OTAxNTA3NDI1OTk4ZGI3OTQzM2I5NjUiLCJ1c2VySWQiOiI2OTAxNTA3NDI1OTk4ZGI3OTQzM2I5NjUiLCJuYW1lIjoiTWFyaWEgV2lsbGlhbXMiLCJtYWlsIjoic3lzYWRtaW5AcWFjb2RlcnMuY29tIiwiYWNjZXNzUHJvZmlsZSI6IkFETUlOIiwiaWF0IjoxNzYzODEzOTU5LCJleHAiOjE3NjM5MDAzNTl9.dXrkS9rIexp8k9s6bKd2cLlbyLPwDE7D-C8X8abE7Hs</msg>
<arg>${bodyResponse.json()['token']}</arg>
<doc>Logs the given message with the given level.</doc>
<status status="PASS" start="2025-11-22T09:19:38.945212" elapsed="0.000382"/>
</kw>
<kw name="Status Should Be" owner="RequestsLibrary">
<arg>200</arg>
<arg>${bodyResponse}</arg>
<doc>Fails if response status code is different than the expected.</doc>
<status status="PASS" start="2025-11-22T09:19:38.945688" elapsed="0.000132"/>
</kw>
<return>
<value>${bodyResponse.json()['token']}</value>
<status status="PASS" start="2025-11-22T09:19:38.945868" elapsed="0.000036"/>
</return>
<msg time="2025-11-22T09:19:38.946253" level="INFO">${TOKEN} = eyJhbGciOiJIUzI1NiIsInR5cCI6IkpXVCJ9.eyJfaWQiOiI2OTAxNTA3NDI1OTk4ZGI3OTQzM2I5NjUiLCJ1c2VySWQiOiI2OTAxNTA3NDI1OTk4ZGI3OTQzM2I5NjUiLCJuYW1lIjoiTWFyaWEgV2lsbGlhbXMiLCJtYWlsIjoic3lzYWRtaW5AcWFjb2RlcnMuY29...</msg>
<var>${TOKEN}</var>
<status status="PASS" start="2025-11-22T09:19:37.564167" elapsed="1.382110"/>
</kw>
<kw name="Create Dictionary" owner="BuiltIn">
<msg time="2025-11-22T09:19:38.947033" level="INFO">${body} = {'corporateName': 'UrbanEdgex_TwflZ', 'registerCompany': '38872912572828abc', 'mail': 'urbanedgex_twflz@qacoders.com', 'matriz': 'teste', 'responsibleContact': 'João Garcia', 'telephone': '91025417241...</msg>
<var>${body}</var>
<arg>corporateName=${COMPANY_NAME}</arg>
<arg>registerCompany=${REGISTER_COMPANY}abc</arg>
<arg>mail=${MAIL}</arg>
<arg>matriz=${MATRIZ}</arg>
<arg>responsibleContact=${RESPONSIBLE_CONTACT}</arg>
<arg>telephone=${TELEPHONE}</arg>
<arg>serviceDescription=${SERVICE_DESCRIPTION}</arg>
<arg>address=${EMPTY}</arg>
<doc>Creates and returns a dictionary based on the given ``items``.</doc>
<status status="PASS" start="2025-11-22T09:19:38.946376" elapsed="0.000693"/>
</kw>
<kw name="Create Dictionary" owner="BuiltIn">
<msg time="2025-11-22T09:19:38.947611" level="INFO">${address_dict} = {'zipCode': '66644772', 'city': 'Alves das Pedras', 'state': 'PR', 'district': 'Via de Almeida', 'street': 'Praça Novaes 62', 'number': '30', 'complement': 'TVbJi', 'country': 'Brasil'}</msg>
<var>${address_dict}</var>
<arg>zipCode=${ZIPCODE}</arg>
<arg>city=${CITY}</arg>
<arg>state=${STATE}</arg>
<arg>district=${DISTRICT}</arg>
<arg>street=${STREET}</arg>
<arg>number=${NUMBER}</arg>
<arg>complement=${COMPLEMENT}</arg>
<arg>country=${COUNTRY}</arg>
<doc>Creates and returns a dictionary based on the given ``items``.</doc>
<status status="PASS" start="2025-11-22T09:19:38.947268" elapsed="0.000367"/>
</kw>
<kw name="Create List" owner="BuiltIn">
<msg time="2025-11-22T09:19:38.947858" level="INFO">${final_ddress_list} = [{'zipCode': '66644772', 'city': 'Alves das Pedras', 'state': 'PR', 'district': 'Via de Almeida', 'street': 'Praça Novaes 62', 'number': '30', 'complement': 'TVbJi', 'country': 'Brasil'}]</msg>
<var>${final_ddress_list}</var>
<arg>${address_dict}</arg>
<doc>Returns a list containing given items.</doc>
<status status="PASS" start="2025-11-22T09:19:38.947740" elapsed="0.000140"/>
</kw>
<kw name="Set To Dictionary" owner="Collections">
<arg>${body}</arg>
<arg>address=${final_ddress_list}</arg>
<doc>Adds the given ``key_value_pairs`` and/or ``items`` to the ``dictionary``.</doc>
<status status="PASS" start="2025-11-22T09:19:38.947962" elapsed="0.000130"/>
</kw>
<kw name="POST On Session" owner="RequestsLibrary">
<msg time="2025-11-22T09:19:39.107592" level="INFO">POST Request : url=https://api-blacklist.qacoders.dev.br/api/company?token=eyJhbGciOiJIUzI1NiIsInR5cCI6IkpXVCJ9.eyJfaWQiOiI2OTAxNTA3NDI1OTk4ZGI3OTQzM2I5NjUiLCJ1c2VySWQiOiI2OTAxNTA3NDI1OTk4ZGI3OTQzM2I5NjUiLCJuYW1lIjoiTWFyaWEgV2lsbGlhbXMiLCJtYWlsIjoic3lzYWRtaW5AcWFjb2RlcnMuY29tIiwiYWNjZXNzUHJvZmlsZSI6IkFETUlOIiwiaWF0IjoxNzYzODEzOTU5LCJleHAiOjE3NjM5MDAzNTl9.dXrkS9rIexp8k9s6bKd2cLlbyLPwDE7D-C8X8abE7Hs 
 path_url=/api/company?token=eyJhbGciOiJIUzI1NiIsInR5cCI6IkpXVCJ9.eyJfaWQiOiI2OTAxNTA3NDI1OTk4ZGI3OTQzM2I5NjUiLCJ1c2VySWQiOiI2OTAxNTA3NDI1OTk4ZGI3OTQzM2I5NjUiLCJuYW1lIjoiTWFyaWEgV2lsbGlhbXMiLCJtYWlsIjoic3lzYWRtaW5AcWFjb2RlcnMuY29tIiwiYWNjZXNzUHJvZmlsZSI6IkFETUlOIiwiaWF0IjoxNzYzODEzOTU5LCJleHAiOjE3NjM5MDAzNTl9.dXrkS9rIexp8k9s6bKd2cLlbyLPwDE7D-C8X8abE7Hs 
 headers={'User-Agent': 'python-requests/2.32.5', 'Accept-Encoding': 'gzip, deflate', 'accept': 'application/json', 'Connection': 'keep-alive', 'Content-Type': 'application/json', 'Content-Length': '468'} 
 body=b'{"corporateName": "UrbanEdgex_TwflZ", "registerCompany": "38872912572828abc", "mail": "urbanedgex_twflz@qacoders.com", "matriz": "teste", "responsibleContact": "Jo\\u00e3o Garcia", "telephone": "91025417241", "serviceDescription": "Veritatis earum ad voluptatem.", "address": [{"zipCode": "66644772", "city": "Alves das Pedras", "state": "PR", "district": "Via de Almeida", "street": "Pra\\u00e7a Novaes 62", "number": "30", "complement": "TVbJi", "country": "Brasil"}]}' 
 </msg>
<msg time="2025-11-22T09:19:39.107675" level="INFO">POST Response : url=https://api-blacklist.qacoders.dev.br/api/company?token=eyJhbGciOiJIUzI1NiIsInR5cCI6IkpXVCJ9.eyJfaWQiOiI2OTAxNTA3NDI1OTk4ZGI3OTQzM2I5NjUiLCJ1c2VySWQiOiI2OTAxNTA3NDI1OTk4ZGI3OTQzM2I5NjUiLCJuYW1lIjoiTWFyaWEgV2lsbGlhbXMiLCJtYWlsIjoic3lzYWRtaW5AcWFjb2RlcnMuY29tIiwiYWNjZXNzUHJvZmlsZSI6IkFETUlOIiwiaWF0IjoxNzYzODEzOTU5LCJleHAiOjE3NjM5MDAzNTl9.dXrkS9rIexp8k9s6bKd2cLlbyLPwDE7D-C8X8abE7Hs 
 status=400, reason=Bad Request 
 headers={'Access-Control-Allow-Origin': '*', 'Content-Length': '77', 'Content-Type': 'application/json; charset=utf-8', 'Date': 'Sat, 22 Nov 2025 12:19:19 GMT', 'Etag': 'W/"4d-1qc+ed2mJEpVBbNFOzS1TqghhgM"', 'X-Powered-By': 'Express'} 
 body={"error":["O campo 'CNPJ' da empresa deve conter 14 caracteres numéricos."]} 
 </msg>
<msg time="2025-11-22T09:19:39.107789" level="INFO">${response} = &lt;Response [400]&gt;</msg>
<var>${response}</var>
<arg>alias=develop</arg>
<arg>url=/company?token=${TOKEN}</arg>
<arg>json=${body}</arg>
<arg>expected_status=400</arg>
<arg>verify=${True}</arg>
<doc>Sends a POST request on a previously created HTTP Session.</doc>
<status status="PASS" start="2025-11-22T09:19:38.948186" elapsed="0.159626"/>
</kw>
<kw name="Status Should Be" owner="RequestsLibrary">
<arg>400</arg>
<arg>${response}</arg>
<doc>Fails if response status code is different than the expected.</doc>
<status status="PASS" start="2025-11-22T09:19:39.107963" elapsed="0.000166"/>
</kw>
<kw name="Log" owner="BuiltIn">
<msg time="2025-11-22T09:19:39.108663" level="INFO">{'error': ["O campo 'CNPJ' da empresa deve conter 14 caracteres numéricos."]}</msg>
<arg>${response.json()}</arg>
<doc>Logs the given message with the given level.</doc>
<status status="PASS" start="2025-11-22T09:19:39.108226" elapsed="0.000479"/>
</kw>
<kw name="Should Contain" owner="BuiltIn">
<arg>${response.json()['error'][0]}</arg>
<arg>O campo 'CNPJ' da empresa deve conter 14 caracteres numéricos.</arg>
<doc>Fails if ``container`` does not contain ``item`` one or more times.</doc>
<status status="PASS" start="2025-11-22T09:19:39.108803" elapsed="0.000369"/>
</kw>
<status status="PASS" start="2025-11-22T09:19:37.544402" elapsed="1.564833"/>
</kw>
<status status="PASS" start="2025-11-22T09:19:37.543609" elapsed="1.565919"/>
</test>
<test id="s1-t3" name="Cadastrar empresa com CNPJ duplicado" line="16">
<kw name="Cadastrar empresa com CNPJ duplicado" owner="company">
<kw name="Gerar Empresa" owner="company">
<kw name="Gerar nome da empresa" owner="generate_random_data">
<kw name="Random Element" owner="FakerLibrary">
<msg time="2025-11-22T09:19:39.111519" level="INFO">${s_COMPANY_NAME} = PowerEdgex</msg>
<var>${s_COMPANY_NAME}</var>
<arg>elements=('BlueWavex','NextSpherex','QuantumTechx','Innovarex','AlphaSolutionsx','SmartEdgex','GlobalLinkx','VisionaryLabsx','DataCorex','SkylineTechx','FutureWavex','CloudNetx','EcoTechx','BrightPathx','StrongBridgex','UltraCorex','NovaSolutionsx','SkyLineSystemsx','MaxInnovationsx','GreenEdgex','OmniTechx','FastTrackx','PrimeSolutionsx','HyperLinkx','CoreVisionx','SafeSolutionsx','FusionEdgex','TrustSolutionsx','AgroTechx','UrbanEdgex','SmartPathx','InfoCorex','QuickSolutionsx','ProTechx','NextErax','GlobalVisionx','TechInnovatorsx','DataWorksx','BrightEdgex','EliteTechx','ModernSystemsx','SolidSolutionsx','InfinityTechx','AeroVisionx','PowerEdgex','VisionCorex','ConnectSolutions')</arg>
<doc>Generate a randomly sampled object from ``elements``.</doc>
<status status="PASS" start="2025-11-22T09:19:39.111153" elapsed="0.000396"/>
</kw>
<return>
<value>${s_COMPANY_NAME}</value>
<status status="PASS" start="2025-11-22T09:19:39.111606" elapsed="0.000038"/>
</return>
<msg time="2025-11-22T09:19:39.111746" level="INFO">${corporateName} = PowerEdgex</msg>
<var>${corporateName}</var>
<doc>Gera o nome de uma empresa</doc>
<status status="PASS" start="2025-11-22T09:19:39.111005" elapsed="0.000763"/>
</kw>
<kw name="Generate Random String" owner="String">
<msg time="2025-11-22T09:19:39.112061" level="INFO">${unique} = SVFTU</msg>
<var>${unique}</var>
<arg>5</arg>
<arg>[LETTERS]</arg>
<doc>Generates a string with a desired ``length`` from the given ``chars``.</doc>
<status status="PASS" start="2025-11-22T09:19:39.111867" elapsed="0.000217"/>
</kw>
<kw name="Catenate" owner="BuiltIn">
<msg time="2025-11-22T09:19:39.112423" level="INFO">${corporateName} = PowerEdgex_SVFTU</msg>
<var>${corporateName}</var>
<arg>SEPARATOR=</arg>
<arg>${corporateName}_${unique}</arg>
<doc>Catenates the given items together and returns the resulted string.</doc>
<status status="PASS" start="2025-11-22T09:19:39.112202" elapsed="0.000253"/>
</kw>
<kw name="Gera cnpj da empresa" owner="generate_random_data">
<kw name="Generate Random String" owner="String">
<msg time="2025-11-22T09:19:39.113195" level="INFO">${randomString} = 51546565159355</msg>
<var>${randomString}</var>
<arg>14</arg>
<arg>[NUMBERS]</arg>
<doc>Generates a string with a desired ``length`` from the given ``chars``.</doc>
<status status="PASS" start="2025-11-22T09:19:39.112969" elapsed="0.000251"/>
</kw>
<kw name="Set Variable" owner="BuiltIn">
<msg time="2025-11-22T09:19:39.113423" level="INFO">${matriz} = 51546565159355</msg>
<var>${matriz}</var>
<arg>${randomString}</arg>
<doc>Returns the given values which can then be assigned to a variables.</doc>
<status status="PASS" start="2025-11-22T09:19:39.113315" elapsed="0.000129"/>
</kw>
<return>
<value>${matriz}</value>
<status status="PASS" start="2025-11-22T09:19:39.113489" elapsed="0.000035"/>
</return>
<msg time="2025-11-22T09:19:39.113620" level="INFO">${registerCompany} = 51546565159355</msg>
<var>${registerCompany}</var>
<doc>Gera um cnpj valido</doc>
<status status="PASS" start="2025-11-22T09:19:39.112725" elapsed="0.000916"/>
</kw>
<kw name="Set Variable" owner="BuiltIn">
<msg time="2025-11-22T09:19:39.114160" level="INFO">${mail} = poweredgex_svftu@qacoders.com</msg>
<var>${mail}</var>
<arg>${corporateName.lower()}@qacoders.com</arg>
<doc>Returns the given values which can then be assigned to a variables.</doc>
<status status="PASS" start="2025-11-22T09:19:39.113729" elapsed="0.000453"/>
</kw>
<kw name="Gerar primeiro nome nao composto" owner="generate_random_data">
<kw name="First Name" owner="FakerLibrary">
<msg time="2025-11-22T09:19:39.114569" level="INFO">${nome_completo} = Mateus</msg>
<var>${nome_completo}</var>
<status status="PASS" start="2025-11-22T09:19:39.114461" elapsed="0.000129"/>
</kw>
<kw name="Split String" owner="String">
<msg time="2025-11-22T09:19:39.114795" level="INFO">${nome_simples} = ['Mateus']</msg>
<var>${nome_simples}</var>
<arg>${nome_completo}</arg>
<arg>${SPACE}</arg>
<doc>Splits the ``string`` using ``separator`` as a delimiter string.</doc>
<status status="PASS" start="2025-11-22T09:19:39.114665" elapsed="0.000150"/>
</kw>
<kw name="Set Variable" owner="BuiltIn">
<msg time="2025-11-22T09:19:39.115286" level="INFO">${primeiro_nome} = Mateus</msg>
<var>${primeiro_nome}</var>
<arg>${nome_simples[0]}</arg>
<doc>Returns the given values which can then be assigned to a variables.</doc>
<status status="PASS" start="2025-11-22T09:19:39.114896" elapsed="0.000415"/>
</kw>
<return>
<value>${primeiro_nome}</value>
<status status="PASS" start="2025-11-22T09:19:39.115357" elapsed="0.000029"/>
</return>
<msg time="2025-11-22T09:19:39.115478" level="INFO">${firstName} = Mateus</msg>
<var>${firstName}</var>
<doc>Gera primeiro nome nao composto</doc>
<status status="PASS" start="2025-11-22T09:19:39.114306" elapsed="0.001192"/>
</kw>
<kw name="Gerar ultimo nome nao composto" owner="generate_random_data">
<kw name="Last Name" owner="FakerLibrary">
<msg time="2025-11-22T09:19:39.115870" level="INFO">${nome_completo} = Cardoso</msg>
<var>${nome_completo}</var>
<status status="PASS" start="2025-11-22T09:19:39.115771" elapsed="0.000120"/>
</kw>
<kw name="Split String" owner="String">
<msg time="2025-11-22T09:19:39.116099" level="INFO">${nome_simples} = ['Cardoso']</msg>
<var>${nome_simples}</var>
<arg>${nome_completo}</arg>
<arg>${SPACE}</arg>
<doc>Splits the ``string`` using ``separator`` as a delimiter string.</doc>
<status status="PASS" start="2025-11-22T09:19:39.115966" elapsed="0.000153"/>
</kw>
<kw name="Set Variable" owner="BuiltIn">
<msg time="2025-11-22T09:19:39.116601" level="INFO">${ultimo_nome} = Cardoso</msg>
<var>${ultimo_nome}</var>
<arg>${nome_simples[0]}</arg>
<doc>Returns the given values which can then be assigned to a variables.</doc>
<status status="PASS" start="2025-11-22T09:19:39.116206" elapsed="0.000419"/>
</kw>
<kw name="Set Variable" owner="BuiltIn">
<msg time="2025-11-22T09:19:39.117683" level="INFO">${ultimo_nome_upper} = Cardoso</msg>
<var>${ultimo_nome_upper}</var>
<arg>${ultimo_nome[0].upper()}${ultimo_nome[1:]}</arg>
<doc>Returns the given values which can then be assigned to a variables.</doc>
<status status="PASS" start="2025-11-22T09:19:39.116716" elapsed="0.000993"/>
</kw>
<return>
<value>${ultimo_nome_upper}</value>
<status status="PASS" start="2025-11-22T09:19:39.117760" elapsed="0.000028"/>
</return>
<msg time="2025-11-22T09:19:39.117881" level="INFO">${lastName} = Cardoso</msg>
<var>${lastName}</var>
<doc>Gera ultimo nome nao composto</doc>
<status status="PASS" start="2025-11-22T09:19:39.115620" elapsed="0.002282"/>
</kw>
<kw name="Set Variable" owner="BuiltIn">
<msg time="2025-11-22T09:19:39.118125" level="INFO">${responsibleContact} = Mateus Cardoso</msg>
<var>${responsibleContact}</var>
<arg>${firstName} ${lastName}</arg>
<doc>Returns the given values which can then be assigned to a variables.</doc>
<status status="PASS" start="2025-11-22T09:19:39.117986" elapsed="0.000161"/>
</kw>
<kw name="Generate Random String" owner="String">
<msg time="2025-11-22T09:19:39.118374" level="INFO">${telephone} = 86638800341</msg>
<var>${telephone}</var>
<arg>11</arg>
<arg>[NUMBERS]</arg>
<doc>Generates a string with a desired ``length`` from the given ``chars``.</doc>
<status status="PASS" start="2025-11-22T09:19:39.118229" elapsed="0.000166"/>
</kw>
<kw name="Sentence" owner="FakerLibrary">
<msg time="2025-11-22T09:19:39.118621" level="INFO">${serviceDescription} = Corrupti minus quas.</msg>
<var>${serviceDescription}</var>
<arg>6</arg>
<doc>Generate a sentence.</doc>
<status status="PASS" start="2025-11-22T09:19:39.118474" elapsed="0.000171"/>
</kw>
<kw name="Gerar cep sem caracteres especiais" owner="generate_random_data">
<kw name="Postcode" owner="FakerLibrary">
<msg time="2025-11-22T09:19:39.119009" level="INFO">${zipCode} = 49514-772</msg>
<var>${zipCode}</var>
<doc>Randomly returns a postcode.
:param formatted: True to allow formatted postcodes, else False (default True)
:example formatted: '41224-212' '83992-291' '12324322'
:example raw: '43920231' '34239530'</doc>
<status status="PASS" start="2025-11-22T09:19:39.118903" elapsed="0.000126"/>
</kw>
<kw name="Evaluate" owner="BuiltIn">
<msg time="2025-11-22T09:19:39.119290" level="INFO">${zipCode_clean} = 49514772</msg>
<var>${zipCode_clean}</var>
<arg>''.join(c for c in '${zipCode}' if c.isdigit())</arg>
<doc>Evaluates the given expression in Python and returns the result.</doc>
<status status="PASS" start="2025-11-22T09:19:39.119106" elapsed="0.000205"/>
</kw>
<return>
<value>${zipCode_clean}</value>
<status status="PASS" start="2025-11-22T09:19:39.119353" elapsed="0.000026"/>
</return>
<msg time="2025-11-22T09:19:39.119471" level="INFO">${zipCode} = 49514772</msg>
<var>${zipCode}</var>
<doc>Gera um cep sem caracteres especiais</doc>
<status status="PASS" start="2025-11-22T09:19:39.118757" elapsed="0.000735"/>
</kw>
<kw name="City" owner="FakerLibrary">
<msg time="2025-11-22T09:19:39.119678" level="INFO">${city} = Lopes</msg>
<var>${city}</var>
<doc>:example: 'Sashabury'</doc>
<status status="PASS" start="2025-11-22T09:19:39.119571" elapsed="0.000128"/>
</kw>
<kw name="Gerar sigla do estado" owner="generate_random_data">
<kw name="Random Element" owner="FakerLibrary">
<msg time="2025-11-22T09:19:39.120200" level="INFO">${s_COMPANY_NAME} = GO</msg>
<var>${s_COMPANY_NAME}</var>
<arg>elements=('AC','AL','AP','AM','BA','CE','DF','ES','GO','MA','MT','MS','MG','PA','PB','PR','PE','PI','RJ','RN','RS','RO','RR','SC','SP','SE','TO')</arg>
<doc>Generate a randomly sampled object from ``elements``.</doc>
<status status="PASS" start="2025-11-22T09:19:39.119957" elapsed="0.000265"/>
</kw>
<return>
<value>${s_COMPANY_NAME}</value>
<status status="PASS" start="2025-11-22T09:19:39.120265" elapsed="0.000025"/>
</return>
<msg time="2025-11-22T09:19:39.120377" level="INFO">${state} = GO</msg>
<var>${state}</var>
<doc>Gera a sigla de um estado brasileiro</doc>
<status status="PASS" start="2025-11-22T09:19:39.119804" elapsed="0.000592"/>
</kw>
<kw name="Street Name" owner="FakerLibrary">
<msg time="2025-11-22T09:19:39.120647" level="INFO">${district} = Morro Manuela Monteiro</msg>
<var>${district}</var>
<doc>:example: 'Crist Parks'</doc>
<status status="PASS" start="2025-11-22T09:19:39.120533" elapsed="0.000135"/>
</kw>
<kw name="Gerar logradouro sem caracteres especiais" owner="generate_random_data">
<kw name="Street Address" owner="FakerLibrary">
<msg time="2025-11-22T09:19:39.121026" level="INFO">${street} = Quadra Teixeira, 58</msg>
<var>${street}</var>
<doc>:example: '791 Crist Parks'</doc>
<status status="PASS" start="2025-11-22T09:19:39.120914" elapsed="0.000133"/>
</kw>
<kw name="Evaluate" owner="BuiltIn">
<msg time="2025-11-22T09:19:39.121343" level="INFO">${street_clean} = Quadra Teixeira 58</msg>
<var>${street_clean}</var>
<arg>''.join(c for c in '${street}' if c.isalnum() or c==' ')</arg>
<doc>Evaluates the given expression in Python and returns the result.</doc>
<status status="PASS" start="2025-11-22T09:19:39.121128" elapsed="0.000234"/>
</kw>
<return>
<value>${street_clean}</value>
<status status="PASS" start="2025-11-22T09:19:39.121402" elapsed="0.000024"/>
</return>
<msg time="2025-11-22T09:19:39.121507" level="INFO">${street} = Quadra Teixeira 58</msg>
<var>${street}</var>
<doc>Gera um logradouro sem caracteres especiais</doc>
<status status="PASS" start="2025-11-22T09:19:39.120772" elapsed="0.000754"/>
</kw>
<kw name="Building Number" owner="FakerLibrary">
<msg time="2025-11-22T09:19:39.121691" level="INFO">${number} = 197</msg>
<var>${number}</var>
<doc>:example: '791'</doc>
<status status="PASS" start="2025-11-22T09:19:39.121598" elapsed="0.000112"/>
</kw>
<kw name="Generate Random String" owner="String">
<msg time="2025-11-22T09:19:39.121907" level="INFO">${complement} = binGs</msg>
<var>${complement}</var>
<arg>5</arg>
<arg>[LETTERS]</arg>
<doc>Generates a string with a desired ``length`` from the given ``chars``.</doc>
<status status="PASS" start="2025-11-22T09:19:39.121779" elapsed="0.000146"/>
</kw>
<kw name="Set Suite Variable" owner="BuiltIn">
<msg time="2025-11-22T09:19:39.122164" level="INFO">${COMPANY_NAME} = PowerEdgex_SVFTU</msg>
<arg>${COMPANY_NAME}</arg>
<arg>${corporateName}</arg>
<doc>Makes a variable available everywhere within the scope of the current suite.</doc>
<status status="PASS" start="2025-11-22T09:19:39.122008" elapsed="0.000186"/>
</kw>
<kw name="Set Suite Variable" owner="BuiltIn">
<msg time="2025-11-22T09:19:39.122513" level="INFO">${REGISTER_COMPANY} = 51546565159355</msg>
<arg>${REGISTER_COMPANY}</arg>
<arg>${registerCompany}</arg>
<doc>Makes a variable available everywhere within the scope of the current suite.</doc>
<status status="PASS" start="2025-11-22T09:19:39.122313" elapsed="0.000240"/>
</kw>
<kw name="Set Suite Variable" owner="BuiltIn">
<msg time="2025-11-22T09:19:39.122831" level="INFO">${MAIL} = poweredgex_svftu@qacoders.com</msg>
<arg>${MAIL}</arg>
<arg>${mail}</arg>
<doc>Makes a variable available everywhere within the scope of the current suite.</doc>
<status status="PASS" start="2025-11-22T09:19:39.122670" elapsed="0.000200"/>
</kw>
<kw name="Set Suite Variable" owner="BuiltIn">
<msg time="2025-11-22T09:19:39.123164" level="INFO">${MATRIZ} = teste</msg>
<arg>${MATRIZ}</arg>
<arg>teste</arg>
<doc>Makes a variable available everywhere within the scope of the current suite.</doc>
<status status="PASS" start="2025-11-22T09:19:39.122992" elapsed="0.000224"/>
</kw>
<kw name="Set Suite Variable" owner="BuiltIn">
<msg time="2025-11-22T09:19:39.123532" level="INFO">${RESPONSIBLE_CONTACT} = Mateus Cardoso</msg>
<arg>${RESPONSIBLE_CONTACT}</arg>
<arg>${responsibleContact}</arg>
<doc>Makes a variable available everywhere within the scope of the current suite.</doc>
<status status="PASS" start="2025-11-22T09:19:39.123327" elapsed="0.000248"/>
</kw>
<kw name="Set Suite Variable" owner="BuiltIn">
<msg time="2025-11-22T09:19:39.123785" level="INFO">${TELEPHONE} = 86638800341</msg>
<arg>${TELEPHONE}</arg>
<arg>${telephone}</arg>
<doc>Makes a variable available everywhere within the scope of the current suite.</doc>
<status status="PASS" start="2025-11-22T09:19:39.123662" elapsed="0.000149"/>
</kw>
<kw name="Set Suite Variable" owner="BuiltIn">
<msg time="2025-11-22T09:19:39.123995" level="INFO">${SERVICE_DESCRIPTION} = Corrupti minus quas.</msg>
<arg>${SERVICE_DESCRIPTION}</arg>
<arg>${serviceDescription}</arg>
<doc>Makes a variable available everywhere within the scope of the current suite.</doc>
<status status="PASS" start="2025-11-22T09:19:39.123880" elapsed="0.000141"/>
</kw>
<kw name="Set Suite Variable" owner="BuiltIn">
<msg time="2025-11-22T09:19:39.124205" level="INFO">${ZIPCODE} = 49514772</msg>
<arg>${ZIPCODE}</arg>
<arg>${zipCode}</arg>
<doc>Makes a variable available everywhere within the scope of the current suite.</doc>
<status status="PASS" start="2025-11-22T09:19:39.124098" elapsed="0.000132"/>
</kw>
<kw name="Set Suite Variable" owner="BuiltIn">
<msg time="2025-11-22T09:19:39.124401" level="INFO">${CITY} = Lopes</msg>
<arg>${CITY}</arg>
<arg>${city}</arg>
<doc>Makes a variable available everywhere within the scope of the current suite.</doc>
<status status="PASS" start="2025-11-22T09:19:39.124300" elapsed="0.000127"/>
</kw>
<kw name="Set Suite Variable" owner="BuiltIn">
<msg time="2025-11-22T09:19:39.124597" level="INFO">${STATE} = GO</msg>
<arg>${STATE}</arg>
<arg>${state}</arg>
<doc>Makes a variable available everywhere within the scope of the current suite.</doc>
<status status="PASS" start="2025-11-22T09:19:39.124495" elapsed="0.000127"/>
</kw>
<kw name="Set Suite Variable" owner="BuiltIn">
<msg time="2025-11-22T09:19:39.124794" level="INFO">${DISTRICT} = Morro Manuela Monteiro</msg>
<arg>${DISTRICT}</arg>
<arg>${district}</arg>
<doc>Makes a variable available everywhere within the scope of the current suite.</doc>
<status status="PASS" start="2025-11-22T09:19:39.124690" elapsed="0.000129"/>
</kw>
<kw name="Set Suite Variable" owner="BuiltIn">
<msg time="2025-11-22T09:19:39.124995" level="INFO">${STREET} = Quadra Teixeira 58</msg>
<arg>${STREET}</arg>
<arg>${street}</arg>
<doc>Makes a variable available everywhere within the scope of the current suite.</doc>
<status status="PASS" start="2025-11-22T09:19:39.124887" elapsed="0.000136"/>
</kw>
<kw name="Set Suite Variable" owner="BuiltIn">
<msg time="2025-11-22T09:19:39.125212" level="INFO">${NUMBER} = 197</msg>
<arg>${NUMBER}</arg>
<arg>${number}</arg>
<doc>Makes a variable available everywhere within the scope of the current suite.</doc>
<status status="PASS" start="2025-11-22T09:19:39.125099" elapsed="0.000143"/>
</kw>
<kw name="Set Suite Variable" owner="BuiltIn">
<msg time="2025-11-22T09:19:39.125437" level="INFO">${COMPLEMENT} = binGs</msg>
<arg>${COMPLEMENT}</arg>
<arg>${complement}</arg>
<doc>Makes a variable available everywhere within the scope of the current suite.</doc>
<status status="PASS" start="2025-11-22T09:19:39.125317" elapsed="0.000147"/>
</kw>
<kw name="Set Suite Variable" owner="BuiltIn">
<msg time="2025-11-22T09:19:39.125621" level="INFO">${COUNTRY} = Brasil</msg>
<arg>${COUNTRY}</arg>
<arg>Brasil</arg>
[...]
<doc>:example: 'Crist Parks'</doc>
<status status="PASS" start="2025-11-22T09:20:13.917579" elapsed="0.000136"/>
</kw>
<kw name="Gerar logradouro sem caracteres especiais" owner="generate_random_data">
<kw name="Street Address" owner="FakerLibrary">
<msg time="2025-11-22T09:20:13.918128" level="INFO">${street} = Rodovia de da Costa, 73</msg>
<var>${street}</var>
<doc>:example: '791 Crist Parks'</doc>
<status status="PASS" start="2025-11-22T09:20:13.918005" elapsed="0.000146"/>
</kw>
<kw name="Evaluate" owner="BuiltIn">
<msg time="2025-11-22T09:20:13.918473" level="INFO">${street_clean} = Rodovia de da Costa 73</msg>
<var>${street_clean}</var>
<arg>''.join(c for c in '${street}' if c.isalnum() or c==' ')</arg>
<doc>Evaluates the given expression in Python and returns the result.</doc>
<status status="PASS" start="2025-11-22T09:20:13.918235" elapsed="0.000260"/>
</kw>
<return>
<value>${street_clean}</value>
<status status="PASS" start="2025-11-22T09:20:13.918541" elapsed="0.000028"/>
</return>
<msg time="2025-11-22T09:20:13.918663" level="INFO">${street} = Rodovia de da Costa 73</msg>
<var>${street}</var>
<doc>Gera um logradouro sem caracteres especiais</doc>
<status status="PASS" start="2025-11-22T09:20:13.917844" elapsed="0.000841"/>
</kw>
<kw name="Building Number" owner="FakerLibrary">
<msg time="2025-11-22T09:20:13.918871" level="INFO">${number} = 793</msg>
<var>${number}</var>
<doc>:example: '791'</doc>
<status status="PASS" start="2025-11-22T09:20:13.918767" elapsed="0.000126"/>
</kw>
<kw name="Generate Random String" owner="String">
<msg time="2025-11-22T09:20:13.919139" level="INFO">${complement} = IUHEV</msg>
<var>${complement}</var>
<arg>5</arg>
<arg>[LETTERS]</arg>
<doc>Generates a string with a desired ``length`` from the given ``chars``.</doc>
<status status="PASS" start="2025-11-22T09:20:13.918979" elapsed="0.000182"/>
</kw>
<kw name="Set Suite Variable" owner="BuiltIn">
<msg time="2025-11-22T09:20:13.919417" level="INFO">${COMPANY_NAME} = TrustSolutionsx_AaByP</msg>
<arg>${COMPANY_NAME}</arg>
<arg>${corporateName}</arg>
<doc>Makes a variable available everywhere within the scope of the current suite.</doc>
<status status="PASS" start="2025-11-22T09:20:13.919260" elapsed="0.000189"/>
</kw>
<kw name="Set Suite Variable" owner="BuiltIn">
<msg time="2025-11-22T09:20:13.919676" level="INFO">${REGISTER_COMPANY} = 99730625035649</msg>
<arg>${REGISTER_COMPANY}</arg>
<arg>${registerCompany}</arg>
<doc>Makes a variable available everywhere within the scope of the current suite.</doc>
<status status="PASS" start="2025-11-22T09:20:13.919538" elapsed="0.000168"/>
</kw>
<kw name="Set Suite Variable" owner="BuiltIn">
<msg time="2025-11-22T09:20:13.919903" level="INFO">${MAIL} = trustsolutionsx_aabyp@qacoders.com</msg>
<arg>${MAIL}</arg>
<arg>${mail}</arg>
<doc>Makes a variable available everywhere within the scope of the current suite.</doc>
<status status="PASS" start="2025-11-22T09:20:13.919798" elapsed="0.000131"/>
</kw>
<kw name="Set Suite Variable" owner="BuiltIn">
<msg time="2025-11-22T09:20:13.920093" level="INFO">${MATRIZ} = teste</msg>
<arg>${MATRIZ}</arg>
<arg>teste</arg>
<doc>Makes a variable available everywhere within the scope of the current suite.</doc>
<status status="PASS" start="2025-11-22T09:20:13.920000" elapsed="0.000118"/>
</kw>
<kw name="Set Suite Variable" owner="BuiltIn">
<msg time="2025-11-22T09:20:13.920298" level="INFO">${RESPONSIBLE_CONTACT} = Mirella Moreira</msg>
<arg>${RESPONSIBLE_CONTACT}</arg>
<arg>${responsibleContact}</arg>
<doc>Makes a variable available everywhere within the scope of the current suite.</doc>
<status status="PASS" start="2025-11-22T09:20:13.920186" elapsed="0.000138"/>
</kw>
<kw name="Set Suite Variable" owner="BuiltIn">
<msg time="2025-11-22T09:20:13.920501" level="INFO">${TELEPHONE} = 95818707438</msg>
<arg>${TELEPHONE}</arg>
<arg>${telephone}</arg>
<doc>Makes a variable available everywhere within the scope of the current suite.</doc>
<status status="PASS" start="2025-11-22T09:20:13.920392" elapsed="0.000135"/>
</kw>
<kw name="Set Suite Variable" owner="BuiltIn">
<msg time="2025-11-22T09:20:13.920715" level="INFO">${SERVICE_DESCRIPTION} = Quidem dolorum enim neque.</msg>
<arg>${SERVICE_DESCRIPTION}</arg>
<arg>${serviceDescription}</arg>
<doc>Makes a variable available everywhere within the scope of the current suite.</doc>
<status status="PASS" start="2025-11-22T09:20:13.920599" elapsed="0.000141"/>
</kw>
<kw name="Set Suite Variable" owner="BuiltIn">
<msg time="2025-11-22T09:20:13.920917" level="INFO">${ZIPCODE} = 13323157</msg>
<arg>${ZIPCODE}</arg>
<arg>${zipCode}</arg>
<doc>Makes a variable available everywhere within the scope of the current suite.</doc>
<status status="PASS" start="2025-11-22T09:20:13.920811" elapsed="0.000131"/>
</kw>
<kw name="Set Suite Variable" owner="BuiltIn">
<msg time="2025-11-22T09:20:13.921112" level="INFO">${CITY} = Castro</msg>
<arg>${CITY}</arg>
<arg>${city}</arg>
<doc>Makes a variable available everywhere within the scope of the current suite.</doc>
<status status="PASS" start="2025-11-22T09:20:13.921010" elapsed="0.000126"/>
</kw>
<kw name="Set Suite Variable" owner="BuiltIn">
<msg time="2025-11-22T09:20:13.921307" level="INFO">${STATE} = MS</msg>
<arg>${STATE}</arg>
<arg>${state}</arg>
<doc>Makes a variable available everywhere within the scope of the current suite.</doc>
<status status="PASS" start="2025-11-22T09:20:13.921205" elapsed="0.000126"/>
</kw>
<kw name="Set Suite Variable" owner="BuiltIn">
<msg time="2025-11-22T09:20:13.921499" level="INFO">${DISTRICT} = Morro de Novais</msg>
<arg>${DISTRICT}</arg>
<arg>${district}</arg>
<doc>Makes a variable available everywhere within the scope of the current suite.</doc>
<status status="PASS" start="2025-11-22T09:20:13.921398" elapsed="0.000126"/>
</kw>
<kw name="Set Suite Variable" owner="BuiltIn">
<msg time="2025-11-22T09:20:13.921698" level="INFO">${STREET} = Rodovia de da Costa 73</msg>
<arg>${STREET}</arg>
<arg>${street}</arg>
<doc>Makes a variable available everywhere within the scope of the current suite.</doc>
<status status="PASS" start="2025-11-22T09:20:13.921593" elapsed="0.000130"/>
</kw>
<kw name="Set Suite Variable" owner="BuiltIn">
<msg time="2025-11-22T09:20:13.921899" level="INFO">${NUMBER} = 793</msg>
<arg>${NUMBER}</arg>
<arg>${number}</arg>
<doc>Makes a variable available everywhere within the scope of the current suite.</doc>
<status status="PASS" start="2025-11-22T09:20:13.921796" elapsed="0.000128"/>
</kw>
<kw name="Set Suite Variable" owner="BuiltIn">
<msg time="2025-11-22T09:20:13.922095" level="INFO">${COMPLEMENT} = IUHEV</msg>
<arg>${COMPLEMENT}</arg>
<arg>${complement}</arg>
<doc>Makes a variable available everywhere within the scope of the current suite.</doc>
<status status="PASS" start="2025-11-22T09:20:13.921990" elapsed="0.000191"/>
</kw>
<kw name="Set Suite Variable" owner="BuiltIn">
<msg time="2025-11-22T09:20:13.922433" level="INFO">${COUNTRY} = Brasil</msg>
<arg>${COUNTRY}</arg>
<arg>Brasil</arg>
<doc>Makes a variable available everywhere within the scope of the current suite.</doc>
<status status="PASS" start="2025-11-22T09:20:13.922271" elapsed="0.000205"/>
</kw>
<status status="PASS" start="2025-11-22T09:20:13.906021" elapsed="0.016524"/>
</kw>
<kw name="Realizar login" owner="company">
<kw name="Create Dictionary" owner="BuiltIn">
<msg time="2025-11-22T09:20:13.923251" level="INFO">${body} = {'mail': 'sysadmin@qacoders.com', 'password': '1234@Test'}</msg>
<var>${body}</var>
<arg>mail=${USER_EMAIL}</arg>
<arg>password=${USER_PASSWORD}</arg>
<doc>Creates and returns a dictionary based on the given ``items``.</doc>
<status status="PASS" start="2025-11-22T09:20:13.922962" elapsed="0.000318"/>
</kw>
<kw name="Criar Sessao" owner="company">
<kw name="Create Dictionary" owner="BuiltIn">
<msg time="2025-11-22T09:20:13.923824" level="INFO">${headers} = {'accept': 'application/json', 'Content-Type': 'application/json'}</msg>
<var>${headers}</var>
<arg>accept=application/json</arg>
<arg>Content-Type=application/json</arg>
<doc>Creates and returns a dictionary based on the given ``items``.</doc>
<status status="PASS" start="2025-11-22T09:20:13.923615" elapsed="0.000245"/>
</kw>
<kw name="Create Session" owner="RequestsLibrary">
<msg time="2025-11-22T09:20:13.924223" level="INFO">Creating Session using : alias=develop, url=https://api-blacklist.qacoders.dev.br/api, headers={'accept': 'application/json', 'Content-Type': 'application/json'},                     cookies={}, auth=None, timeout=None, proxies=None, verify=False,                     debug=0 </msg>
<arg>alias=develop</arg>
<arg>url=${BASE_URL}</arg>
<arg>headers=${headers}</arg>
<doc>Create Session: create a HTTP session to a server</doc>
<status status="PASS" start="2025-11-22T09:20:13.924019" elapsed="0.000326"/>
</kw>
<status status="PASS" start="2025-11-22T09:20:13.923416" elapsed="0.000989"/>
</kw>
<kw name="POST On Session" owner="RequestsLibrary">
<msg time="2025-11-22T09:20:15.335806" level="INFO">POST Request : url=https://api-blacklist.qacoders.dev.br/api/login 
 path_url=/api/login 
 headers={'User-Agent': 'python-requests/2.32.5', 'Accept-Encoding': 'gzip, deflate', 'accept': 'application/json', 'Connection': 'keep-alive', 'Content-Type': 'application/json', 'Content-Length': '58'} 
 body=b'{"mail": "sysadmin@qacoders.com", "password": "1234@Test"}' 
 </msg>
<msg time="2025-11-22T09:20:15.335989" level="INFO">POST Response : url=https://api-blacklist.qacoders.dev.br/api/login 
 status=200, reason=OK 
 headers={'Access-Control-Allow-Origin': '*', 'Content-Length': '874', 'Content-Type': 'application/json; charset=utf-8', 'Date': 'Sat, 22 Nov 2025 12:19:56 GMT', 'Etag': 'W/"36a-yGs/3G02NIqI8bzRXtepzT965ZY"', 'X-Powered-By': 'Express'} 
 body={"msg":"Olá Maria Williams, autenticação autorizada com sucesso!","user":{"_id":"6901507425998db79433b965","fullName":"Maria Williams","mail":"sysadmin@qacoders.com","password":"$2b$10$JA/Gc6l5x3X8lXYboMNgROi5t3SIMyxL73kWmFu8pI9YSu2ODes4G","accessProfile":"ADMIN","cpf":"89396991022","status":true,"audit":[{"registeredBy":{"userId":"6900ed6d99ad1971dac9f0e0","userLogin":"sysadmin@qacoders.com"},"registrationDate":"terça-feira, 28/10/2025, 20:23:31 BRT","registrationNumber":"QaCoders-4","_id":"6901507425998db79433b966"}],"__v":0},"token":"eyJhbGciOiJIUzI1NiIsInR5cCI6IkpXVCJ9.eyJfaWQiOiI2OTAxNTA3NDI1OTk4ZGI3OTQzM2I5NjUiLCJ1c2VySWQiOiI2OTAxNTA3NDI1OTk4ZGI3OTQzM2I5NjUiLCJuYW1lIjoiTWFyaWEgV2lsbGlhbXMiLCJtYWlsIjoic3lzYWRtaW5AcWFjb2RlcnMuY29tIiwiYWNjZXNzUHJvZmlsZSI6IkFETUlOIiwiaWF0IjoxNzYzODEzOTk2LCJleHAiOjE3NjM5MDAzOTZ9.MN4d8wwjKDskA7ijwtK16G28eRD328BdCMy8fMWxBH4"} 
 </msg>
<msg time="2025-11-22T09:20:15.336237" level="INFO">${bodyResponse} = &lt;Response [200]&gt;</msg>
<var>${bodyResponse}</var>
<arg>alias=develop</arg>
<arg>url=/login</arg>
<arg>json=${body}</arg>
<arg>verify=${True}</arg>
<doc>Sends a POST request on a previously created HTTP Session.</doc>
<status status="PASS" start="2025-11-22T09:20:13.924490" elapsed="1.411809"/>
</kw>
<kw name="Log" owner="BuiltIn">
<msg time="2025-11-22T09:20:15.337775" level="INFO">{'msg': 'Olá Maria Williams, autenticação autorizada com sucesso!', 'user': {'_id': '6901507425998db79433b965', 'fullName': 'Maria Williams', 'mail': 'sysadmin@qacoders.com', 'password': '$2b$10$JA/Gc6l5x3X8lXYboMNgROi5t3SIMyxL73kWmFu8pI9YSu2ODes4G', 'accessProfile': 'ADMIN', 'cpf': '89396991022', 'status': True, 'audit': [{'registeredBy': {'userId': '6900ed6d99ad1971dac9f0e0', 'userLogin': 'sysadmin@qacoders.com'}, 'registrationDate': 'terça-feira, 28/10/2025, 20:23:31 BRT', 'registrationNumber': 'QaCoders-4', '_id': '6901507425998db79433b966'}], '__v': 0}, 'token': 'eyJhbGciOiJIUzI1NiIsInR5cCI6IkpXVCJ9.eyJfaWQiOiI2OTAxNTA3NDI1OTk4ZGI3OTQzM2I5NjUiLCJ1c2VySWQiOiI2OTAxNTA3NDI1OTk4ZGI3OTQzM2I5NjUiLCJuYW1lIjoiTWFyaWEgV2lsbGlhbXMiLCJtYWlsIjoic3lzYWRtaW5AcWFjb2RlcnMuY29tIiwiYWNjZXNzUHJvZmlsZSI6IkFETUlOIiwiaWF0IjoxNzYzODEzOTk2LCJleHAiOjE3NjM5MDAzOTZ9.MN4d8wwjKDskA7ijwtK16G28eRD328BdCMy8fMWxBH4'}</msg>
<arg>${bodyResponse.json()}</arg>
<doc>Logs the given message with the given level.</doc>
<status status="PASS" start="2025-11-22T09:20:15.336628" elapsed="0.001277"/>
</kw>
<kw name="Log" owner="BuiltIn">
<msg time="2025-11-22T09:20:15.339052" level="INFO">eyJhbGciOiJIUzI1NiIsInR5cCI6IkpXVCJ9.eyJfaWQiOiI2OTAxNTA3NDI1OTk4ZGI3OTQzM2I5NjUiLCJ1c2VySWQiOiI2OTAxNTA3NDI1OTk4ZGI3OTQzM2I5NjUiLCJuYW1lIjoiTWFyaWEgV2lsbGlhbXMiLCJtYWlsIjoic3lzYWRtaW5AcWFjb2RlcnMuY29tIiwiYWNjZXNzUHJvZmlsZSI6IkFETUlOIiwiaWF0IjoxNzYzODEzOTk2LCJleHAiOjE3NjM5MDAzOTZ9.MN4d8wwjKDskA7ijwtK16G28eRD328BdCMy8fMWxBH4</msg>
<arg>${bodyResponse.json()['token']}</arg>
<doc>Logs the given message with the given level.</doc>
<status status="PASS" start="2025-11-22T09:20:15.338170" elapsed="0.000944"/>
</kw>
<kw name="Status Should Be" owner="RequestsLibrary">
<arg>200</arg>
<arg>${bodyResponse}</arg>
<doc>Fails if response status code is different than the expected.</doc>
<status status="PASS" start="2025-11-22T09:20:15.339264" elapsed="0.000231"/>
</kw>
<return>
<value>${bodyResponse.json()['token']}</value>
<status status="PASS" start="2025-11-22T09:20:15.339575" elapsed="0.000112"/>
</return>
<msg time="2025-11-22T09:20:15.340277" level="INFO">${TOKEN} = eyJhbGciOiJIUzI1NiIsInR5cCI6IkpXVCJ9.eyJfaWQiOiI2OTAxNTA3NDI1OTk4ZGI3OTQzM2I5NjUiLCJ1c2VySWQiOiI2OTAxNTA3NDI1OTk4ZGI3OTQzM2I5NjUiLCJuYW1lIjoiTWFyaWEgV2lsbGlhbXMiLCJtYWlsIjoic3lzYWRtaW5AcWFjb2RlcnMuY29...</msg>
<var>${TOKEN}</var>
<status status="PASS" start="2025-11-22T09:20:13.922702" elapsed="1.417619"/>
</kw>
<kw name="Create Dictionary" owner="BuiltIn">
<msg time="2025-11-22T09:20:15.341433" level="INFO">${body} = {'corporateName': 'TrustSolutionsx_AaByP', 'registerCompany': '99730625035649', 'mail': 'trustsolutionsx_aabyp@qacoders.com', 'matriz': 'teste', 'responsibleContact': 'Mirella Moreira', 'telephone': '...</msg>
<var>${body}</var>
<arg>corporateName=${COMPANY_NAME}</arg>
<arg>registerCompany=${REGISTER_COMPANY}</arg>
<arg>mail=${MAIL}</arg>
<arg>matriz=${MATRIZ}</arg>
<arg>responsibleContact=${RESPONSIBLE_CONTACT}</arg>
<arg>telephone=</arg>
<arg>serviceDescription=${SERVICE_DESCRIPTION}</arg>
<arg>address=${EMPTY}</arg>
<doc>Creates and returns a dictionary based on the given ``items``.</doc>
<status status="PASS" start="2025-11-22T09:20:15.340491" elapsed="0.000982"/>
</kw>
<kw name="Create Dictionary" owner="BuiltIn">
<msg time="2025-11-22T09:20:15.342026" level="INFO">${address_dict} = {'zipCode': '13323157', 'city': 'Castro', 'state': 'MS', 'district': 'Morro de Novais', 'street': 'Rodovia de da Costa 73', 'number': '793', 'complement': 'IUHEV', 'country': 'Brasil'}</msg>
<var>${address_dict}</var>
<arg>zipCode=${ZIPCODE}</arg>
<arg>city=${CITY}</arg>
<arg>state=${STATE}</arg>
<arg>district=${DISTRICT}</arg>
<arg>street=${STREET}</arg>
<arg>number=${NUMBER}</arg>
<arg>complement=${COMPLEMENT}</arg>
<arg>country=${COUNTRY}</arg>
<doc>Creates and returns a dictionary based on the given ``items``.</doc>
<status status="PASS" start="2025-11-22T09:20:15.341653" elapsed="0.000394"/>
</kw>
<kw name="Create List" owner="BuiltIn">
<msg time="2025-11-22T09:20:15.342490" level="INFO">${final_ddress_list} = [{'zipCode': '13323157', 'city': 'Castro', 'state': 'MS', 'district': 'Morro de Novais', 'street': 'Rodovia de da Costa 73', 'number': '793', 'complement': 'IUHEV', 'country': 'Brasil'}]</msg>
<var>${final_ddress_list}</var>
<arg>${address_dict}</arg>
<doc>Returns a list containing given items.</doc>
<status status="PASS" start="2025-11-22T09:20:15.342300" elapsed="0.000220"/>
</kw>
<kw name="Set To Dictionary" owner="Collections">
<arg>${body}</arg>
<arg>address=${final_ddress_list}</arg>
<doc>Adds the given ``key_value_pairs`` and/or ``items`` to the ``dictionary``.</doc>
<status status="PASS" start="2025-11-22T09:20:15.342628" elapsed="0.000136"/>
</kw>
<kw name="POST On Session" owner="RequestsLibrary">
<msg time="2025-11-22T09:20:15.500802" level="INFO">POST Request : url=https://api-blacklist.qacoders.dev.br/api/company?token=eyJhbGciOiJIUzI1NiIsInR5cCI6IkpXVCJ9.eyJfaWQiOiI2OTAxNTA3NDI1OTk4ZGI3OTQzM2I5NjUiLCJ1c2VySWQiOiI2OTAxNTA3NDI1OTk4ZGI3OTQzM2I5NjUiLCJuYW1lIjoiTWFyaWEgV2lsbGlhbXMiLCJtYWlsIjoic3lzYWRtaW5AcWFjb2RlcnMuY29tIiwiYWNjZXNzUHJvZmlsZSI6IkFETUlOIiwiaWF0IjoxNzYzODEzOTk2LCJleHAiOjE3NjM5MDAzOTZ9.MN4d8wwjKDskA7ijwtK16G28eRD328BdCMy8fMWxBH4 
 path_url=/api/company?token=eyJhbGciOiJIUzI1NiIsInR5cCI6IkpXVCJ9.eyJfaWQiOiI2OTAxNTA3NDI1OTk4ZGI3OTQzM2I5NjUiLCJ1c2VySWQiOiI2OTAxNTA3NDI1OTk4ZGI3OTQzM2I5NjUiLCJuYW1lIjoiTWFyaWEgV2lsbGlhbXMiLCJtYWlsIjoic3lzYWRtaW5AcWFjb2RlcnMuY29tIiwiYWNjZXNzUHJvZmlsZSI6IkFETUlOIiwiaWF0IjoxNzYzODEzOTk2LCJleHAiOjE3NjM5MDAzOTZ9.MN4d8wwjKDskA7ijwtK16G28eRD328BdCMy8fMWxBH4 
 headers={'User-Agent': 'python-requests/2.32.5', 'Accept-Encoding': 'gzip, deflate', 'accept': 'application/json', 'Connection': 'keep-alive', 'Content-Type': 'application/json', 'Content-Length': '453'} 
 body=b'{"corporateName": "TrustSolutionsx_AaByP", "registerCompany": "99730625035649", "mail": "trustsolutionsx_aabyp@qacoders.com", "matriz": "teste", "responsibleContact": "Mirella Moreira", "telephone": "", "serviceDescription": "Quidem dolorum enim neque.", "address": [{"zipCode": "13323157", "city": "Castro", "state": "MS", "district": "Morro de Novais", "street": "Rodovia de da Costa 73", "number": "793", "complement": "IUHEV", "country": "Brasil"}]}' 
 </msg>
<msg time="2025-11-22T09:20:15.500961" level="INFO">POST Response : url=https://api-blacklist.qacoders.dev.br/api/company?token=eyJhbGciOiJIUzI1NiIsInR5cCI6IkpXVCJ9.eyJfaWQiOiI2OTAxNTA3NDI1OTk4ZGI3OTQzM2I5NjUiLCJ1c2VySWQiOiI2OTAxNTA3NDI1OTk4ZGI3OTQzM2I5NjUiLCJuYW1lIjoiTWFyaWEgV2lsbGlhbXMiLCJtYWlsIjoic3lzYWRtaW5AcWFjb2RlcnMuY29tIiwiYWNjZXNzUHJvZmlsZSI6IkFETUlOIiwiaWF0IjoxNzYzODEzOTk2LCJleHAiOjE3NjM5MDAzOTZ9.MN4d8wwjKDskA7ijwtK16G28eRD328BdCMy8fMWxBH4 
 status=400, reason=Bad Request 
 headers={'Access-Control-Allow-Origin': '*', 'Content-Length': '49', 'Content-Type': 'application/json; charset=utf-8', 'Date': 'Sat, 22 Nov 2025 12:19:56 GMT', 'Etag': 'W/"31-TBsWhad7H5n+fZjhbCPKbBTFfqg"', 'X-Powered-By': 'Express'} 
 body={"error":["O campo 'Telefone' é obrigatório."]} 
 </msg>
<msg time="2025-11-22T09:20:15.501190" level="INFO">${response} = &lt;Response [400]&gt;</msg>
<var>${response}</var>
<arg>alias=develop</arg>
<arg>url=/company?token=${TOKEN}</arg>
<arg>json=${body}</arg>
<arg>expected_status=400</arg>
<arg>verify=${True}</arg>
<doc>Sends a POST request on a previously created HTTP Session.</doc>
<status status="PASS" start="2025-11-22T09:20:15.342848" elapsed="0.158398"/>
</kw>
<kw name="Status Should Be" owner="RequestsLibrary">
<arg>400</arg>
<arg>${response}</arg>
<doc>Fails if response status code is different than the expected.</doc>
<status status="PASS" start="2025-11-22T09:20:15.501511" elapsed="0.000278"/>
</kw>
<kw name="Log" owner="BuiltIn">
<msg time="2025-11-22T09:20:15.502788" level="INFO">{'error': ["O campo 'Telefone' é obrigatório."]}</msg>
<arg>${response.json()}</arg>
<doc>Logs the given message with the given level.</doc>
<status status="PASS" start="2025-11-22T09:20:15.501963" elapsed="0.001174"/>
</kw>
<kw name="Should Contain" owner="BuiltIn">
<arg>${response.json()['error'][0]}</arg>
<arg>O campo 'Telefone' é obrigatório.</arg>
<doc>Fails if ``container`` does not contain ``item`` one or more times.</doc>
<status status="PASS" start="2025-11-22T09:20:15.503490" elapsed="0.000601"/>
</kw>
<status status="PASS" start="2025-11-22T09:20:13.905613" elapsed="1.598572"/>
</kw>
<status status="PASS" start="2025-11-22T09:20:13.904886" elapsed="1.599764"/>
</test>
<doc>Keywords utilizadas na rota /company</doc>
<status status="PASS" start="2025-11-22T09:19:33.817233" elapsed="41.688848"/>
</suite>
<statistics>
<total>
<stat pass="22" fail="0" skip="0">All Tests</stat>
</total>
<tag>
</tag>
<suite>
<stat name="Company" id="s1" pass="22" fail="0" skip="0">Company</stat>
</suite>
</statistics>
<errors>
</errors>
</robot>
